2025-10-27 17:50:28,028 - INFO /// Estado del equipo; {'bateria': 50, 'temperatura': 25, 'memoria': 54.9, 'cpu_uso': 2.3, 'necesita_ahorro': False, 'puede_rendimiento': False}
2025-10-27 17:50:31,639 - INFO /// Estado del equipo; {'bateria': 50, 'temperatura': 25, 'memoria': 55.2, 'cpu_uso': 9.9, 'necesita_ahorro': False, 'puede_rendimiento': False}
2025-10-27 17:50:31,639 - INFO /// Aplicando optimizaciones de rendimiento
2025-10-27 17:50:42,641 - INFO /// Estado del equipo; {'bateria': 50, 'temperatura': 25, 'memoria': 56.7, 'cpu_uso': 92.3, 'necesita_ahorro': False, 'puede_rendimiento': False}
2025-10-27 17:50:53,642 - INFO /// Estado del equipo; {'bateria': 50, 'temperatura': 25, 'memoria': 56.7, 'cpu_uso': 96.8, 'necesita_ahorro': False, 'puede_rendimiento': False}
2025-10-27 18:06:14,063 - INFO /// Estado del equipo: {'bateria': 50, 'temperatura': 25, 'memoria': 54.8, 'cpu_uso': 4.3, 'necesita_ahorro': False, 'puede_rendimiento': False}
2025-10-27 18:06:28,188 - INFO /// Estado del equipo: {'bateria': 50, 'temperatura': 25, 'memoria': 55.2, 'cpu_uso': 7.6, 'necesita_ahorro': False, 'puede_rendimiento': False}
2025-10-27 18:06:31,906 - INFO /// Estado del equipo: {'bateria': 50, 'temperatura': 25, 'memoria': 55.3, 'cpu_uso': 14.9, 'necesita_ahorro': False, 'puede_rendimiento': False}
2025-10-27 18:06:31,906 - INFO /// Aplicando optimizaciones de rendimiento
2025-10-27 18:06:42,907 - INFO /// Estado del equipo: {'bateria': 50, 'temperatura': 25, 'memoria': 56.8, 'cpu_uso': 96.6, 'necesita_ahorro': False, 'puede_rendimiento': False}
2025-10-27 18:07:08,640 - INFO /// Estado del equipo: {'bateria': 50, 'temperatura': 25, 'memoria': 54.6, 'cpu_uso': 8.8, 'necesita_ahorro': False, 'puede_rendimiento': False}
2025-10-27 18:07:12,186 - INFO /// Estado del equipo: {'bateria': 50, 'temperatura': 25, 'memoria': 54.8, 'cpu_uso': 5.1, 'necesita_ahorro': False, 'puede_rendimiento': False}
2025-10-27 18:07:12,186 - INFO /// Aplicando optimizaciones de rendimiento
2025-10-27 18:07:24,900 - INFO /// Estado del equipo: {'bateria': 50, 'temperatura': 25, 'memoria': 54.6, 'cpu_uso': 3.3, 'necesita_ahorro': False, 'puede_rendimiento': False}
2025-10-27 18:07:38,561 - INFO /// Estado del equipo: {'bateria': 50, 'temperatura': 25, 'memoria': 54.8, 'cpu_uso': 7.4, 'necesita_ahorro': False, 'puede_rendimiento': False}
2025-10-27 18:07:38,561 - INFO /// Aplicando optimizaciones de rendimiento
2025-10-27 18:07:49,562 - INFO /// Estado del equipo: {'bateria': 50, 'temperatura': 25, 'memoria': 56.4, 'cpu_uso': 91.9, 'necesita_ahorro': False, 'puede_rendimiento': False}
2025-10-27 18:11:33,936 - INFO /// Estado del equipo: {'bateria': 50, 'temperatura': 25, 'memoria': 55.9, 'cpu_uso': 4.1, 'necesita_ahorro': False, 'puede_rendimiento': False}
2025-10-27 18:11:37,604 - INFO /// Estado del equipo: {'bateria': 50, 'temperatura': 25, 'memoria': 56.0, 'cpu_uso': 2.9, 'necesita_ahorro': False, 'puede_rendimiento': False}
2025-10-27 18:11:37,604 - INFO /// Aplicando optimizaciones de rendimiento
2025-10-27 18:11:48,606 - INFO /// Estado del equipo: {'bateria': 50, 'temperatura': 25, 'memoria': 57.3, 'cpu_uso': 94.8, 'necesita_ahorro': False, 'puede_rendimiento': False}
2025-10-27 18:11:59,608 - INFO /// Estado del equipo: {'bateria': 50, 'temperatura': 25, 'memoria': 57.3, 'cpu_uso': 90.4, 'necesita_ahorro': False, 'puede_rendimiento': False}
2025-10-27 18:13:01,623 - INFO /// Estado del equipo: {'bateria': 50, 'temperatura': 25, 'memoria': 55.4, 'cpu_uso': 2.9, 'necesita_ahorro': False, 'puede_rendimiento': False}
2025-10-27 18:13:05,266 - INFO /// Estado del equipo: {'bateria': 50, 'temperatura': 25, 'memoria': 55.2, 'cpu_uso': 4.7, 'necesita_ahorro': False, 'puede_rendimiento': False}
2025-10-27 18:13:05,267 - INFO /// Aplicando optimizaciones de rendimiento
2025-10-27 18:13:16,269 - INFO /// Estado del equipo: {'bateria': 50, 'temperatura': 25, 'memoria': 56.5, 'cpu_uso': 95.7, 'necesita_ahorro': False, 'puede_rendimiento': False}
2025-10-27 18:13:27,019 - INFO /// Estado del equipo: {'bateria': 50, 'temperatura': 25, 'memoria': 55.2, 'cpu_uso': 7.3, 'necesita_ahorro': False, 'puede_rendimiento': False}
2025-10-27 18:13:30,705 - INFO /// Estado del equipo: {'bateria': 50, 'temperatura': 25, 'memoria': 55.2, 'cpu_uso': 8.4, 'necesita_ahorro': False, 'puede_rendimiento': False}
2025-10-27 18:13:30,705 - INFO /// Aplicando optimizaciones de rendimiento
2025-10-27 18:13:41,709 - INFO /// Estado del equipo: {'bateria': 50, 'temperatura': 25, 'memoria': 56.5, 'cpu_uso': 95.4, 'necesita_ahorro': False, 'puede_rendimiento': False}
2025-10-27 18:13:52,710 - INFO /// Estado del equipo: {'bateria': 50, 'temperatura': 25, 'memoria': 56.6, 'cpu_uso': 94.0, 'necesita_ahorro': False, 'puede_rendimiento': False}
2025-10-27 18:14:03,713 - INFO /// Estado del equipo: {'bateria': 50, 'temperatura': 25, 'memoria': 56.7, 'cpu_uso': 96.0, 'necesita_ahorro': False, 'puede_rendimiento': False}
2025-10-27 18:17:21,935 - INFO /// Estado del equipo: {'bateria': 50, 'temperatura': 25, 'memoria': 55.0, 'cpu_uso': 3.3, 'necesita_ahorro': False, 'puede_rendimiento': False}
2025-10-27 18:17:25,594 - INFO /// Estado del equipo: {'bateria': 50, 'temperatura': 25, 'memoria': 55.3, 'cpu_uso': 1.7, 'necesita_ahorro': False, 'puede_rendimiento': False}
2025-10-27 18:17:25,594 - INFO /// Aplicando optimizaciones de rendimiento
2025-10-27 18:17:36,595 - INFO /// Estado del equipo: {'bateria': 50, 'temperatura': 25, 'memoria': 56.7, 'cpu_uso': 97.7, 'necesita_ahorro': False, 'puede_rendimiento': False}
2025-10-27 18:17:47,596 - INFO /// Estado del equipo: {'bateria': 50, 'temperatura': 25, 'memoria': 56.8, 'cpu_uso': 91.4, 'necesita_ahorro': False, 'puede_rendimiento': False}
2025-10-27 18:18:02,854 - INFO /// Estado del equipo: {'bateria': 50, 'temperatura': 25, 'memoria': 55.5, 'cpu_uso': 4.1, 'necesita_ahorro': False, 'puede_rendimiento': False}
2025-10-27 18:18:06,477 - INFO /// Estado del equipo: {'bateria': 50, 'temperatura': 25, 'memoria': 55.6, 'cpu_uso': 5.3, 'necesita_ahorro': False, 'puede_rendimiento': False}
2025-10-27 18:18:06,477 - INFO /// Aplicando optimizaciones de rendimiento
2025-10-27 18:18:17,481 - INFO /// Estado del equipo: {'bateria': 50, 'temperatura': 25, 'memoria': 56.8, 'cpu_uso': 93.5, 'necesita_ahorro': False, 'puede_rendimiento': False}
2025-10-27 18:18:28,482 - INFO /// Estado del equipo: {'bateria': 50, 'temperatura': 25, 'memoria': 57.0, 'cpu_uso': 95.4, 'necesita_ahorro': False, 'puede_rendimiento': False}
2025-10-27 20:26:19,582 - INFO /// Estado del equipo: {'bateria': 50, 'temperatura': 25, 'memoria': 51.5, 'cpu_uso': 14.9, 'necesita_ahorro': False, 'puede_rendimiento': False}
2025-10-27 20:26:24,183 - INFO /// Estado del equipo: {'bateria': 50, 'temperatura': 25, 'memoria': 51.6, 'cpu_uso': 9.9, 'necesita_ahorro': False, 'puede_rendimiento': False}
2025-10-27 20:26:24,183 - INFO /// Aplicando optimizaciones de rendimiento
2025-10-27 20:26:35,185 - INFO /// Estado del equipo: {'bateria': 50, 'temperatura': 25, 'memoria': 53.3, 'cpu_uso': 97.6, 'necesita_ahorro': False, 'puede_rendimiento': False}
2025-10-27 20:26:46,186 - INFO /// Estado del equipo: {'bateria': 50, 'temperatura': 25, 'memoria': 53.2, 'cpu_uso': 8.7, 'necesita_ahorro': False, 'puede_rendimiento': False}
2025-10-27 20:26:46,187 - INFO /// iniciando camaras por horario
2025-10-27 20:26:57,189 - INFO /// Estado del equipo: {'bateria': 50, 'temperatura': 25, 'memoria': 53.3, 'cpu_uso': 100.0, 'necesita_ahorro': False, 'puede_rendimiento': False}
2025-10-27 20:27:08,193 - INFO /// Estado del equipo: {'bateria': 50, 'temperatura': 25, 'memoria': 52.4, 'cpu_uso': 18.5, 'necesita_ahorro': False, 'puede_rendimiento': False}
2025-10-27 20:27:08,194 - INFO /// iniciando camaras por horario
2025-10-27 20:27:19,196 - INFO /// Estado del equipo: {'bateria': 50, 'temperatura': 25, 'memoria': 52.4, 'cpu_uso': 98.5, 'necesita_ahorro': False, 'puede_rendimiento': False}
2025-10-27 20:27:30,197 - INFO /// Estado del equipo: {'bateria': 50, 'temperatura': 25, 'memoria': 52.4, 'cpu_uso': 18.1, 'necesita_ahorro': False, 'puede_rendimiento': False}
2025-10-27 20:27:30,197 - INFO /// iniciando camaras por horario
2025-10-27 20:27:41,199 - INFO /// Estado del equipo: {'bateria': 50, 'temperatura': 25, 'memoria': 52.3, 'cpu_uso': 97.4, 'necesita_ahorro': False, 'puede_rendimiento': False}
2025-10-27 20:27:52,201 - INFO /// Estado del equipo: {'bateria': 50, 'temperatura': 25, 'memoria': 52.3, 'cpu_uso': 22.2, 'necesita_ahorro': False, 'puede_rendimiento': False}
2025-10-27 20:27:52,201 - INFO /// iniciando camaras por horario
2025-10-27 20:28:03,204 - INFO /// Estado del equipo: {'bateria': 50, 'temperatura': 25, 'memoria': 52.4, 'cpu_uso': 99.1, 'necesita_ahorro': False, 'puede_rendimiento': False}
2025-10-27 20:29:12,067 - INFO /// Estado del equipo: {'bateria': 50, 'temperatura': 25, 'memoria': 51.0, 'cpu_uso': 15.5, 'necesita_ahorro': False, 'puede_rendimiento': False}
2025-10-27 20:30:05,293 - INFO /// Estado del equipo: {'bateria': 50, 'temperatura': 25, 'memoria': 51.6, 'cpu_uso': 20.4, 'necesita_ahorro': False, 'puede_rendimiento': False}
2025-10-27 20:30:23,759 - INFO /// Estado del equipo: {'bateria': 50, 'temperatura': 25, 'memoria': 51.7, 'cpu_uso': 13.9, 'necesita_ahorro': False, 'puede_rendimiento': False}
2025-10-27 20:30:23,759 - INFO /// Aplicando optimizaciones de rendimiento
2025-10-28 09:10:21,268 - ERROR /// No se encontró el archivo de configuración, cargando por defaul.
2025-10-28 09:10:22,290 - INFO /// Estado del equipo: {'bateria': 50, 'temperatura': 25, 'memoria': 59.4, 'cpu_uso': 30.2, 'necesita_ahorro': False, 'puede_rendimiento': False}
2025-10-28 09:10:26,164 - INFO /// Estado del equipo: {'bateria': 50, 'temperatura': 25, 'memoria': 59.5, 'cpu_uso': 17.2, 'necesita_ahorro': False, 'puede_rendimiento': False}
2025-10-28 09:10:26,164 - INFO /// Aplicando optimizaciones de rendimiento
2025-10-28 09:11:01,681 - INFO /// Estado del equipo: {'bateria': 50, 'temperatura': 25, 'memoria': 58.4, 'cpu_uso': 6.4, 'necesita_ahorro': False, 'puede_rendimiento': False}
2025-10-28 09:11:05,228 - INFO /// Estado del equipo: {'bateria': 50, 'temperatura': 25, 'memoria': 58.5, 'cpu_uso': 23.1, 'necesita_ahorro': False, 'puede_rendimiento': False}
2025-10-28 09:11:05,228 - INFO /// Aplicando optimizaciones de rendimiento
2025-10-28 09:11:16,230 - INFO /// Estado del equipo: {'bateria': 50, 'temperatura': 25, 'memoria': 60.0, 'cpu_uso': 95.8, 'necesita_ahorro': False, 'puede_rendimiento': False}
2025-10-28 09:11:27,232 - INFO /// Estado del equipo: {'bateria': 50, 'temperatura': 25, 'memoria': 59.9, 'cpu_uso': 97.9, 'necesita_ahorro': False, 'puede_rendimiento': False}
2025-10-28 09:11:38,234 - INFO /// Estado del equipo: {'bateria': 50, 'temperatura': 25, 'memoria': 59.1, 'cpu_uso': 96.3, 'necesita_ahorro': False, 'puede_rendimiento': False}
2025-10-28 09:11:49,236 - INFO /// Estado del equipo: {'bateria': 50, 'temperatura': 25, 'memoria': 59.1, 'cpu_uso': 97.5, 'necesita_ahorro': False, 'puede_rendimiento': False}
2025-10-28 09:12:00,238 - INFO /// Estado del equipo: {'bateria': 50, 'temperatura': 25, 'memoria': 59.1, 'cpu_uso': 97.0, 'necesita_ahorro': False, 'puede_rendimiento': False}
2025-10-28 09:17:13,127 - INFO /// Estado del equipo: {'bateria': 50, 'temperatura': 25, 'memoria': 57.8, 'cpu_uso': 11.2, 'necesita_ahorro': False, 'puede_rendimiento': False}
2025-10-29 10:02:30,664 - INFO /// Estado del equipo: {'bateria': 50, 'temperatura': 25, 'memoria': 56.2, 'cpu_uso': 2.3, 'necesita_ahorro': False, 'puede_rendimiento': False}
2025-10-29 10:02:38,204 - INFO /// Estado del equipo: {'bateria': 50, 'temperatura': 25, 'memoria': 56.4, 'cpu_uso': 4.7, 'necesita_ahorro': False, 'puede_rendimiento': False}
2025-10-29 10:02:38,204 - INFO /// Aplicando optimizaciones de rendimiento
2025-10-29 10:03:18,672 - INFO /// Estado del equipo: {'bateria': 50, 'temperatura': 25, 'memoria': 56.2, 'cpu_uso': 16.0, 'necesita_ahorro': False, 'puede_rendimiento': False}
2025-10-29 10:03:25,728 - INFO /// Estado del equipo: {'bateria': 50, 'temperatura': 25, 'memoria': 56.4, 'cpu_uso': 2.0, 'necesita_ahorro': False, 'puede_rendimiento': False}
2025-10-29 10:03:25,728 - INFO /// Aplicando optimizaciones de rendimiento
2025-10-29 10:03:36,730 - INFO /// Estado del equipo: {'bateria': 50, 'temperatura': 25, 'memoria': 56.4, 'cpu_uso': 9.1, 'necesita_ahorro': False, 'puede_rendimiento': False}
2025-10-29 10:03:47,731 - INFO /// Estado del equipo: {'bateria': 50, 'temperatura': 25, 'memoria': 56.9, 'cpu_uso': 8.7, 'necesita_ahorro': False, 'puede_rendimiento': False}
2025-10-29 10:03:58,732 - INFO /// Estado del equipo: {'bateria': 50, 'temperatura': 25, 'memoria': 57.1, 'cpu_uso': 4.5, 'necesita_ahorro': False, 'puede_rendimiento': False}
2025-10-29 10:04:09,733 - INFO /// Estado del equipo: {'bateria': 50, 'temperatura': 25, 'memoria': 57.0, 'cpu_uso': 5.1, 'necesita_ahorro': False, 'puede_rendimiento': False}
2025-10-29 10:04:20,734 - INFO /// Estado del equipo: {'bateria': 50, 'temperatura': 25, 'memoria': 57.1, 'cpu_uso': 2.5, 'necesita_ahorro': False, 'puede_rendimiento': False}
2025-10-29 10:07:27,269 - INFO /// Estado del equipo: {'bateria': 50, 'temperatura': 25, 'memoria': 55.7, 'cpu_uso': 5.2, 'necesita_ahorro': False, 'puede_rendimiento': False}
2025-10-29 10:07:28,270 - INFO /// Estado del equipo: {'bateria': 50, 'temperatura': 25, 'memoria': 55.7, 'cpu_uso': 10.3, 'necesita_ahorro': False, 'puede_rendimiento': False}
2025-10-29 10:07:28,271 - INFO /// Aplicando optimizaciones de rendimiento
2025-10-29 10:07:39,272 - INFO /// Estado del equipo: {'bateria': 50, 'temperatura': 25, 'memoria': 56.4, 'cpu_uso': 6.4, 'necesita_ahorro': False, 'puede_rendimiento': False}
2025-10-29 10:07:50,273 - INFO /// Estado del equipo: {'bateria': 50, 'temperatura': 25, 'memoria': 56.4, 'cpu_uso': 6.2, 'necesita_ahorro': False, 'puede_rendimiento': False}
2025-10-29 10:08:01,274 - INFO /// Estado del equipo: {'bateria': 50, 'temperatura': 25, 'memoria': 56.4, 'cpu_uso': 10.6, 'necesita_ahorro': False, 'puede_rendimiento': False}
2025-10-29 10:08:12,276 - INFO /// Estado del equipo: {'bateria': 50, 'temperatura': 25, 'memoria': 56.5, 'cpu_uso': 11.0, 'necesita_ahorro': False, 'puede_rendimiento': False}
2025-10-29 10:08:23,277 - INFO /// Estado del equipo: {'bateria': 50, 'temperatura': 25, 'memoria': 56.5, 'cpu_uso': 4.7, 'necesita_ahorro': False, 'puede_rendimiento': False}
2025-10-29 10:08:34,278 - INFO /// Estado del equipo: {'bateria': 50, 'temperatura': 25, 'memoria': 56.6, 'cpu_uso': 7.9, 'necesita_ahorro': False, 'puede_rendimiento': False}
2025-10-29 10:08:45,280 - INFO /// Estado del equipo: {'bateria': 50, 'temperatura': 25, 'memoria': 56.6, 'cpu_uso': 13.9, 'necesita_ahorro': False, 'puede_rendimiento': False}
2025-10-29 10:08:56,282 - INFO /// Estado del equipo: {'bateria': 50, 'temperatura': 25, 'memoria': 56.7, 'cpu_uso': 13.1, 'necesita_ahorro': False, 'puede_rendimiento': False}
2025-10-29 10:09:07,283 - INFO /// Estado del equipo: {'bateria': 50, 'temperatura': 25, 'memoria': 56.7, 'cpu_uso': 8.2, 'necesita_ahorro': False, 'puede_rendimiento': False}
2025-10-29 10:09:18,284 - INFO /// Estado del equipo: {'bateria': 50, 'temperatura': 25, 'memoria': 57.2, 'cpu_uso': 63.3, 'necesita_ahorro': False, 'puede_rendimiento': False}
2025-10-29 10:40:41,198 - INFO /// Estado del equipo: {'bateria': 50, 'temperatura': 25, 'memoria': 56.0, 'cpu_uso': 2.7, 'necesita_ahorro': False, 'puede_rendimiento': False}
2025-10-29 10:40:42,200 - INFO /// Estado del equipo: {'bateria': 50, 'temperatura': 25, 'memoria': 56.1, 'cpu_uso': 11.5, 'necesita_ahorro': False, 'puede_rendimiento': False}
2025-10-29 10:40:42,200 - INFO /// Aplicando optimizaciones de rendimiento
2025-10-29 10:40:53,201 - INFO /// Estado del equipo: {'bateria': 50, 'temperatura': 25, 'memoria': 57.0, 'cpu_uso': 3.1, 'necesita_ahorro': False, 'puede_rendimiento': False}
2025-10-29 10:42:11,596 - INFO /// Estado del equipo: {'bateria': 50, 'temperatura': 25, 'memoria': 55.9, 'cpu_uso': 7.8, 'necesita_ahorro': False, 'puede_rendimiento': False}
2025-10-29 10:42:12,598 - INFO /// Estado del equipo: {'bateria': 50, 'temperatura': 25, 'memoria': 55.9, 'cpu_uso': 6.1, 'necesita_ahorro': False, 'puede_rendimiento': False}
2025-10-29 10:42:12,598 - INFO /// Aplicando optimizaciones de rendimiento
2025-10-29 10:42:23,599 - INFO /// Estado del equipo: {'bateria': 50, 'temperatura': 25, 'memoria': 56.6, 'cpu_uso': 22.1, 'necesita_ahorro': False, 'puede_rendimiento': False}
2025-10-29 10:43:53,880 - INFO /// Estado del equipo: {'bateria': 50, 'temperatura': 25, 'memoria': 56.0, 'cpu_uso': 26.9, 'necesita_ahorro': False, 'puede_rendimiento': False}
2025-10-29 10:43:54,881 - INFO /// Estado del equipo: {'bateria': 50, 'temperatura': 25, 'memoria': 56.0, 'cpu_uso': 13.3, 'necesita_ahorro': False, 'puede_rendimiento': False}
2025-10-29 10:43:54,881 - INFO /// Aplicando optimizaciones de rendimiento
2025-10-29 10:46:51,590 - INFO /// Estado del equipo: {'bateria': 50, 'temperatura': 25, 'memoria': 56.1, 'cpu_uso': 4.3, 'necesita_ahorro': False, 'puede_rendimiento': False}
2025-10-29 10:46:52,591 - INFO /// Estado del equipo: {'bateria': 50, 'temperatura': 25, 'memoria': 55.6, 'cpu_uso': 11.3, 'necesita_ahorro': False, 'puede_rendimiento': False}
2025-10-29 10:46:52,591 - INFO /// Aplicando optimizaciones de rendimiento
2025-10-29 10:47:03,594 - INFO /// Estado del equipo: {'bateria': 50, 'temperatura': 25, 'memoria': 57.7, 'cpu_uso': 93.9, 'necesita_ahorro': False, 'puede_rendimiento': False}
2025-10-29 10:47:14,596 - INFO /// Estado del equipo: {'bateria': 50, 'temperatura': 25, 'memoria': 57.8, 'cpu_uso': 49.4, 'necesita_ahorro': False, 'puede_rendimiento': False}
2025-10-29 10:47:25,597 - INFO /// Estado del equipo: {'bateria': 50, 'temperatura': 25, 'memoria': 58.0, 'cpu_uso': 92.4, 'necesita_ahorro': False, 'puede_rendimiento': False}
2025-10-29 10:47:36,598 - INFO /// Estado del equipo: {'bateria': 50, 'temperatura': 25, 'memoria': 58.0, 'cpu_uso': 40.9, 'necesita_ahorro': False, 'puede_rendimiento': False}
2025-10-29 10:47:47,600 - INFO /// Estado del equipo: {'bateria': 50, 'temperatura': 25, 'memoria': 57.7, 'cpu_uso': 2.7, 'necesita_ahorro': False, 'puede_rendimiento': False}
2025-10-29 10:47:58,601 - INFO /// Estado del equipo: {'bateria': 50, 'temperatura': 25, 'memoria': 57.4, 'cpu_uso': 11.9, 'necesita_ahorro': False, 'puede_rendimiento': False}
2025-10-29 10:48:09,602 - INFO /// Estado del equipo: {'bateria': 50, 'temperatura': 25, 'memoria': 57.6, 'cpu_uso': 2.3, 'necesita_ahorro': False, 'puede_rendimiento': False}
2025-10-29 10:48:20,604 - INFO /// Estado del equipo: {'bateria': 50, 'temperatura': 25, 'memoria': 57.5, 'cpu_uso': 10.4, 'necesita_ahorro': False, 'puede_rendimiento': False}
2025-10-29 10:48:31,605 - INFO /// Estado del equipo: {'bateria': 50, 'temperatura': 25, 'memoria': 57.5, 'cpu_uso': 10.6, 'necesita_ahorro': False, 'puede_rendimiento': False}
2025-10-29 10:48:42,606 - INFO /// Estado del equipo: {'bateria': 50, 'temperatura': 25, 'memoria': 57.6, 'cpu_uso': 2.9, 'necesita_ahorro': False, 'puede_rendimiento': False}
2025-10-29 10:48:53,608 - INFO /// Estado del equipo: {'bateria': 50, 'temperatura': 25, 'memoria': 57.8, 'cpu_uso': 6.1, 'necesita_ahorro': False, 'puede_rendimiento': False}
2025-10-29 10:49:04,608 - INFO /// Estado del equipo: {'bateria': 50, 'temperatura': 25, 'memoria': 58.1, 'cpu_uso': 2.7, 'necesita_ahorro': False, 'puede_rendimiento': False}
2025-10-29 10:49:15,609 - INFO /// Estado del equipo: {'bateria': 50, 'temperatura': 25, 'memoria': 57.8, 'cpu_uso': 3.5, 'necesita_ahorro': False, 'puede_rendimiento': False}
2025-10-29 10:49:26,610 - INFO /// Estado del equipo: {'bateria': 50, 'temperatura': 25, 'memoria': 57.8, 'cpu_uso': 7.2, 'necesita_ahorro': False, 'puede_rendimiento': False}
2025-10-29 10:49:37,611 - INFO /// Estado del equipo: {'bateria': 50, 'temperatura': 25, 'memoria': 57.8, 'cpu_uso': 4.7, 'necesita_ahorro': False, 'puede_rendimiento': False}
2025-10-29 10:49:48,612 - INFO /// Estado del equipo: {'bateria': 50, 'temperatura': 25, 'memoria': 57.5, 'cpu_uso': 2.9, 'necesita_ahorro': False, 'puede_rendimiento': False}
2025-10-29 10:49:59,614 - INFO /// Estado del equipo: {'bateria': 50, 'temperatura': 25, 'memoria': 57.7, 'cpu_uso': 6.4, 'necesita_ahorro': False, 'puede_rendimiento': False}
2025-10-29 10:50:10,614 - INFO /// Estado del equipo: {'bateria': 50, 'temperatura': 25, 'memoria': 57.7, 'cpu_uso': 5.3, 'necesita_ahorro': False, 'puede_rendimiento': False}
2025-10-29 10:50:21,616 - INFO /// Estado del equipo: {'bateria': 50, 'temperatura': 25, 'memoria': 57.7, 'cpu_uso': 1.8, 'necesita_ahorro': False, 'puede_rendimiento': False}
2025-10-29 10:50:32,616 - INFO /// Estado del equipo: {'bateria': 50, 'temperatura': 25, 'memoria': 58.2, 'cpu_uso': 10.0, 'necesita_ahorro': False, 'puede_rendimiento': False}
2025-10-29 10:50:43,618 - INFO /// Estado del equipo: {'bateria': 50, 'temperatura': 25, 'memoria': 58.3, 'cpu_uso': 8.5, 'necesita_ahorro': False, 'puede_rendimiento': False}
2025-10-29 10:50:54,619 - INFO /// Estado del equipo: {'bateria': 50, 'temperatura': 25, 'memoria': 58.6, 'cpu_uso': 18.3, 'necesita_ahorro': False, 'puede_rendimiento': False}
2025-10-29 10:51:05,621 - INFO /// Estado del equipo: {'bateria': 50, 'temperatura': 25, 'memoria': 58.6, 'cpu_uso': 4.5, 'necesita_ahorro': False, 'puede_rendimiento': False}
2025-10-29 10:51:16,622 - INFO /// Estado del equipo: {'bateria': 50, 'temperatura': 25, 'memoria': 57.1, 'cpu_uso': 9.0, 'necesita_ahorro': False, 'puede_rendimiento': False}
2025-10-29 10:51:27,623 - INFO /// Estado del equipo: {'bateria': 50, 'temperatura': 25, 'memoria': 57.3, 'cpu_uso': 2.3, 'necesita_ahorro': False, 'puede_rendimiento': False}
2025-10-29 10:51:38,624 - INFO /// Estado del equipo: {'bateria': 50, 'temperatura': 25, 'memoria': 57.3, 'cpu_uso': 2.5, 'necesita_ahorro': False, 'puede_rendimiento': False}
2025-10-29 10:51:49,625 - INFO /// Estado del equipo: {'bateria': 50, 'temperatura': 25, 'memoria': 57.3, 'cpu_uso': 13.1, 'necesita_ahorro': False, 'puede_rendimiento': False}
2025-10-29 10:52:00,627 - INFO /// Estado del equipo: {'bateria': 50, 'temperatura': 25, 'memoria': 57.5, 'cpu_uso': 4.5, 'necesita_ahorro': False, 'puede_rendimiento': False}
2025-10-29 10:52:11,628 - INFO /// Estado del equipo: {'bateria': 50, 'temperatura': 25, 'memoria': 57.5, 'cpu_uso': 6.5, 'necesita_ahorro': False, 'puede_rendimiento': False}
2025-10-29 10:52:22,629 - INFO /// Estado del equipo: {'bateria': 50, 'temperatura': 25, 'memoria': 57.4, 'cpu_uso': 8.3, 'necesita_ahorro': False, 'puede_rendimiento': False}
2025-10-29 10:52:33,631 - INFO /// Estado del equipo: {'bateria': 50, 'temperatura': 25, 'memoria': 57.3, 'cpu_uso': 8.9, 'necesita_ahorro': False, 'puede_rendimiento': False}
2025-10-29 10:52:44,632 - INFO /// Estado del equipo: {'bateria': 50, 'temperatura': 25, 'memoria': 57.3, 'cpu_uso': 1.6, 'necesita_ahorro': False, 'puede_rendimiento': False}
2025-10-29 10:52:55,633 - INFO /// Estado del equipo: {'bateria': 50, 'temperatura': 25, 'memoria': 57.4, 'cpu_uso': 15.6, 'necesita_ahorro': False, 'puede_rendimiento': False}
2025-10-29 10:53:06,635 - INFO /// Estado del equipo: {'bateria': 50, 'temperatura': 25, 'memoria': 57.4, 'cpu_uso': 4.8, 'necesita_ahorro': False, 'puede_rendimiento': False}
2025-10-29 10:53:17,636 - INFO /// Estado del equipo: {'bateria': 50, 'temperatura': 25, 'memoria': 57.5, 'cpu_uso': 6.2, 'necesita_ahorro': False, 'puede_rendimiento': False}
2025-10-29 10:53:28,637 - INFO /// Estado del equipo: {'bateria': 50, 'temperatura': 25, 'memoria': 57.5, 'cpu_uso': 6.4, 'necesita_ahorro': False, 'puede_rendimiento': False}
2025-10-29 10:53:39,638 - INFO /// Estado del equipo: {'bateria': 50, 'temperatura': 25, 'memoria': 57.5, 'cpu_uso': 25.0, 'necesita_ahorro': False, 'puede_rendimiento': False}
2025-10-29 10:53:50,639 - INFO /// Estado del equipo: {'bateria': 50, 'temperatura': 25, 'memoria': 57.5, 'cpu_uso': 16.1, 'necesita_ahorro': False, 'puede_rendimiento': False}
2025-10-29 10:54:01,640 - INFO /// Estado del equipo: {'bateria': 50, 'temperatura': 25, 'memoria': 57.5, 'cpu_uso': 8.9, 'necesita_ahorro': False, 'puede_rendimiento': False}
2025-10-29 10:54:12,642 - INFO /// Estado del equipo: {'bateria': 50, 'temperatura': 25, 'memoria': 57.3, 'cpu_uso': 3.5, 'necesita_ahorro': False, 'puede_rendimiento': False}
2025-10-29 10:54:23,643 - INFO /// Estado del equipo: {'bateria': 50, 'temperatura': 25, 'memoria': 57.3, 'cpu_uso': 0.8, 'necesita_ahorro': False, 'puede_rendimiento': False}
2025-10-29 10:54:34,644 - INFO /// Estado del equipo: {'bateria': 50, 'temperatura': 25, 'memoria': 57.3, 'cpu_uso': 11.5, 'necesita_ahorro': False, 'puede_rendimiento': False}
2025-10-29 10:54:45,645 - INFO /// Estado del equipo: {'bateria': 50, 'temperatura': 25, 'memoria': 57.3, 'cpu_uso': 2.7, 'necesita_ahorro': False, 'puede_rendimiento': False}
2025-10-29 10:54:56,646 - INFO /// Estado del equipo: {'bateria': 50, 'temperatura': 25, 'memoria': 57.3, 'cpu_uso': 2.2, 'necesita_ahorro': False, 'puede_rendimiento': False}
2025-10-29 10:55:07,647 - INFO /// Estado del equipo: {'bateria': 50, 'temperatura': 25, 'memoria': 57.5, 'cpu_uso': 3.5, 'necesita_ahorro': False, 'puede_rendimiento': False}
2025-10-29 10:55:18,648 - INFO /// Estado del equipo: {'bateria': 50, 'temperatura': 25, 'memoria': 57.5, 'cpu_uso': 2.5, 'necesita_ahorro': False, 'puede_rendimiento': False}
2025-10-29 10:55:29,649 - INFO /// Estado del equipo: {'bateria': 50, 'temperatura': 25, 'memoria': 57.5, 'cpu_uso': 7.0, 'necesita_ahorro': False, 'puede_rendimiento': False}
2025-10-29 10:55:40,651 - INFO /// Estado del equipo: {'bateria': 50, 'temperatura': 25, 'memoria': 57.3, 'cpu_uso': 2.9, 'necesita_ahorro': False, 'puede_rendimiento': False}
2025-10-29 14:37:10,539 - INFO /// Estado del equipo: {'bateria': 50, 'temperatura': 25, 'memoria': 56.9, 'cpu_uso': 2.9, 'necesita_ahorro': False, 'puede_rendimiento': False}
2025-10-29 14:37:11,545 - INFO /// Estado del equipo: {'bateria': 50, 'temperatura': 25, 'memoria': 56.9, 'cpu_uso': 5.8, 'necesita_ahorro': False, 'puede_rendimiento': False}
2025-10-29 14:37:11,545 - INFO /// Aplicando optimizaciones de rendimiento
2025-10-29 14:37:22,546 - INFO /// Estado del equipo: {'bateria': 50, 'temperatura': 25, 'memoria': 58.1, 'cpu_uso': 18.0, 'necesita_ahorro': False, 'puede_rendimiento': False}
2025-10-29 14:37:33,548 - INFO /// Estado del equipo: {'bateria': 50, 'temperatura': 25, 'memoria': 58.9, 'cpu_uso': 25.9, 'necesita_ahorro': False, 'puede_rendimiento': False}
2025-10-29 14:37:44,550 - INFO /// Estado del equipo: {'bateria': 50, 'temperatura': 25, 'memoria': 57.6, 'cpu_uso': 95.3, 'necesita_ahorro': False, 'puede_rendimiento': False}
2025-10-29 14:37:55,551 - INFO /// Estado del equipo: {'bateria': 50, 'temperatura': 25, 'memoria': 57.7, 'cpu_uso': 35.0, 'necesita_ahorro': False, 'puede_rendimiento': False}
2025-10-29 14:38:06,553 - INFO /// Estado del equipo: {'bateria': 50, 'temperatura': 25, 'memoria': 57.7, 'cpu_uso': 6.6, 'necesita_ahorro': False, 'puede_rendimiento': False}
2025-10-29 14:38:17,554 - INFO /// Estado del equipo: {'bateria': 50, 'temperatura': 25, 'memoria': 57.6, 'cpu_uso': 31.8, 'necesita_ahorro': False, 'puede_rendimiento': False}
2025-10-29 14:38:28,555 - INFO /// Estado del equipo: {'bateria': 50, 'temperatura': 25, 'memoria': 55.7, 'cpu_uso': 8.8, 'necesita_ahorro': False, 'puede_rendimiento': False}
2025-10-29 14:38:39,557 - INFO /// Estado del equipo: {'bateria': 50, 'temperatura': 25, 'memoria': 55.6, 'cpu_uso': 7.6, 'necesita_ahorro': False, 'puede_rendimiento': False}
2025-10-29 14:38:50,558 - INFO /// Estado del equipo: {'bateria': 50, 'temperatura': 25, 'memoria': 55.6, 'cpu_uso': 4.3, 'necesita_ahorro': False, 'puede_rendimiento': False}
2025-10-29 14:39:01,559 - INFO /// Estado del equipo: {'bateria': 50, 'temperatura': 25, 'memoria': 55.5, 'cpu_uso': 8.1, 'necesita_ahorro': False, 'puede_rendimiento': False}
2025-10-29 14:39:12,560 - INFO /// Estado del equipo: {'bateria': 50, 'temperatura': 25, 'memoria': 55.7, 'cpu_uso': 10.9, 'necesita_ahorro': False, 'puede_rendimiento': False}
2025-10-29 14:39:23,561 - INFO /// Estado del equipo: {'bateria': 50, 'temperatura': 25, 'memoria': 55.8, 'cpu_uso': 4.8, 'necesita_ahorro': False, 'puede_rendimiento': False}
2025-10-29 14:39:34,562 - INFO /// Estado del equipo: {'bateria': 50, 'temperatura': 25, 'memoria': 55.9, 'cpu_uso': 8.3, 'necesita_ahorro': False, 'puede_rendimiento': False}
2025-10-29 14:40:17,706 - INFO /// Estado del equipo: {'bateria': 50, 'temperatura': 25, 'memoria': 55.0, 'cpu_uso': 13.3, 'necesita_ahorro': False, 'puede_rendimiento': False}
2025-10-29 14:40:18,707 - INFO /// Estado del equipo: {'bateria': 50, 'temperatura': 25, 'memoria': 54.9, 'cpu_uso': 10.5, 'necesita_ahorro': False, 'puede_rendimiento': False}
2025-10-29 14:40:18,707 - INFO /// Aplicando optimizaciones de rendimiento
2025-10-29 14:40:29,709 - INFO /// Estado del equipo: {'bateria': 50, 'temperatura': 25, 'memoria': 56.7, 'cpu_uso': 96.7, 'necesita_ahorro': False, 'puede_rendimiento': False}
2025-10-29 14:40:40,710 - INFO /// Estado del equipo: {'bateria': 50, 'temperatura': 25, 'memoria': 57.6, 'cpu_uso': 93.2, 'necesita_ahorro': False, 'puede_rendimiento': False}
2025-10-29 14:40:51,711 - INFO /// Estado del equipo: {'bateria': 50, 'temperatura': 25, 'memoria': 57.6, 'cpu_uso': 98.9, 'necesita_ahorro': False, 'puede_rendimiento': False}
2025-10-29 14:41:02,713 - INFO /// Estado del equipo: {'bateria': 50, 'temperatura': 25, 'memoria': 57.6, 'cpu_uso': 96.6, 'necesita_ahorro': False, 'puede_rendimiento': False}
2025-10-29 14:41:13,717 - INFO /// Estado del equipo: {'bateria': 50, 'temperatura': 25, 'memoria': 57.5, 'cpu_uso': 94.6, 'necesita_ahorro': False, 'puede_rendimiento': False}
2025-10-29 14:41:24,719 - INFO /// Estado del equipo: {'bateria': 50, 'temperatura': 25, 'memoria': 57.5, 'cpu_uso': 91.9, 'necesita_ahorro': False, 'puede_rendimiento': False}
2025-10-29 14:41:35,723 - INFO /// Estado del equipo: {'bateria': 50, 'temperatura': 25, 'memoria': 57.6, 'cpu_uso': 92.6, 'necesita_ahorro': False, 'puede_rendimiento': False}
2025-10-29 14:41:46,726 - INFO /// Estado del equipo: {'bateria': 50, 'temperatura': 25, 'memoria': 57.1, 'cpu_uso': 93.4, 'necesita_ahorro': False, 'puede_rendimiento': False}
2025-10-29 14:41:57,728 - INFO /// Estado del equipo: {'bateria': 50, 'temperatura': 25, 'memoria': 57.2, 'cpu_uso': 93.0, 'necesita_ahorro': False, 'puede_rendimiento': False}
2025-10-29 14:42:08,730 - INFO /// Estado del equipo: {'bateria': 50, 'temperatura': 25, 'memoria': 57.2, 'cpu_uso': 90.9, 'necesita_ahorro': False, 'puede_rendimiento': False}
2025-10-29 14:42:19,731 - INFO /// Estado del equipo: {'bateria': 50, 'temperatura': 25, 'memoria': 57.4, 'cpu_uso': 84.4, 'necesita_ahorro': False, 'puede_rendimiento': False}
2025-10-29 14:42:30,732 - INFO /// Estado del equipo: {'bateria': 50, 'temperatura': 25, 'memoria': 57.0, 'cpu_uso': 2.7, 'necesita_ahorro': False, 'puede_rendimiento': False}
2025-10-29 14:42:41,732 - INFO /// Estado del equipo: {'bateria': 50, 'temperatura': 25, 'memoria': 57.0, 'cpu_uso': 6.7, 'necesita_ahorro': False, 'puede_rendimiento': False}
2025-10-29 14:42:52,733 - INFO /// Estado del equipo: {'bateria': 50, 'temperatura': 25, 'memoria': 57.0, 'cpu_uso': 5.3, 'necesita_ahorro': False, 'puede_rendimiento': False}
2025-10-29 14:43:03,734 - INFO /// Estado del equipo: {'bateria': 50, 'temperatura': 25, 'memoria': 57.1, 'cpu_uso': 4.3, 'necesita_ahorro': False, 'puede_rendimiento': False}
2025-10-29 14:43:14,735 - INFO /// Estado del equipo: {'bateria': 50, 'temperatura': 25, 'memoria': 57.1, 'cpu_uso': 8.5, 'necesita_ahorro': False, 'puede_rendimiento': False}
2025-10-29 14:43:25,737 - INFO /// Estado del equipo: {'bateria': 50, 'temperatura': 25, 'memoria': 57.1, 'cpu_uso': 9.3, 'necesita_ahorro': False, 'puede_rendimiento': False}
2025-10-29 14:43:36,738 - INFO /// Estado del equipo: {'bateria': 50, 'temperatura': 25, 'memoria': 57.0, 'cpu_uso': 3.3, 'necesita_ahorro': False, 'puede_rendimiento': False}
2025-10-29 14:43:47,739 - INFO /// Estado del equipo: {'bateria': 50, 'temperatura': 25, 'memoria': 57.1, 'cpu_uso': 13.8, 'necesita_ahorro': False, 'puede_rendimiento': False}
2025-10-29 14:43:58,740 - INFO /// Estado del equipo: {'bateria': 50, 'temperatura': 25, 'memoria': 57.1, 'cpu_uso': 6.6, 'necesita_ahorro': False, 'puede_rendimiento': False}
2025-10-29 14:44:09,741 - INFO /// Estado del equipo: {'bateria': 50, 'temperatura': 25, 'memoria': 57.3, 'cpu_uso': 17.9, 'necesita_ahorro': False, 'puede_rendimiento': False}
2025-10-29 14:44:20,742 - INFO /// Estado del equipo: {'bateria': 50, 'temperatura': 25, 'memoria': 57.5, 'cpu_uso': 10.9, 'necesita_ahorro': False, 'puede_rendimiento': False}
2025-10-29 14:44:31,744 - INFO /// Estado del equipo: {'bateria': 50, 'temperatura': 25, 'memoria': 57.5, 'cpu_uso': 16.8, 'necesita_ahorro': False, 'puede_rendimiento': False}
2025-10-29 14:44:42,745 - INFO /// Estado del equipo: {'bateria': 50, 'temperatura': 25, 'memoria': 57.4, 'cpu_uso': 25.1, 'necesita_ahorro': False, 'puede_rendimiento': False}
2025-10-29 14:44:53,746 - INFO /// Estado del equipo: {'bateria': 50, 'temperatura': 25, 'memoria': 57.5, 'cpu_uso': 8.9, 'necesita_ahorro': False, 'puede_rendimiento': False}
2025-10-29 14:45:04,747 - INFO /// Estado del equipo: {'bateria': 50, 'temperatura': 25, 'memoria': 56.7, 'cpu_uso': 8.6, 'necesita_ahorro': False, 'puede_rendimiento': False}
2025-10-29 14:45:15,749 - INFO /// Estado del equipo: {'bateria': 50, 'temperatura': 25, 'memoria': 56.7, 'cpu_uso': 10.4, 'necesita_ahorro': False, 'puede_rendimiento': False}
2025-10-29 14:45:26,751 - INFO /// Estado del equipo: {'bateria': 50, 'temperatura': 25, 'memoria': 56.6, 'cpu_uso': 5.3, 'necesita_ahorro': False, 'puede_rendimiento': False}
2025-10-29 14:45:37,752 - INFO /// Estado del equipo: {'bateria': 50, 'temperatura': 25, 'memoria': 56.6, 'cpu_uso': 8.9, 'necesita_ahorro': False, 'puede_rendimiento': False}
2025-10-29 14:46:07,289 - INFO /// Estado del equipo: {'bateria': 50, 'temperatura': 25, 'memoria': 55.2, 'cpu_uso': 2.0, 'necesita_ahorro': False, 'puede_rendimiento': False}
2025-10-29 14:46:08,290 - INFO /// Estado del equipo: {'bateria': 50, 'temperatura': 25, 'memoria': 55.2, 'cpu_uso': 1.8, 'necesita_ahorro': False, 'puede_rendimiento': False}
2025-10-29 14:46:08,291 - INFO /// Aplicando optimizaciones de rendimiento
2025-10-29 16:13:39,846 - INFO /// Estado del equipo: {'bateria': 50, 'temperatura': 25, 'memoria': 59.9, 'cpu_uso': 11.1, 'necesita_ahorro': False, 'puede_rendimiento': False}
2025-10-29 16:13:40,850 - INFO /// Estado del equipo: {'bateria': 50, 'temperatura': 25, 'memoria': 59.9, 'cpu_uso': 2.0, 'necesita_ahorro': False, 'puede_rendimiento': False}
2025-10-29 16:13:40,850 - INFO /// Aplicando optimizaciones de rendimiento
2025-10-29 16:13:51,851 - INFO /// Estado del equipo: {'bateria': 50, 'temperatura': 25, 'memoria': 60.2, 'cpu_uso': 7.8, 'necesita_ahorro': False, 'puede_rendimiento': False}
2025-10-29 16:14:02,853 - INFO /// Estado del equipo: {'bateria': 50, 'temperatura': 25, 'memoria': 59.6, 'cpu_uso': 2.5, 'necesita_ahorro': False, 'puede_rendimiento': False}
2025-10-29 16:14:13,854 - INFO /// Estado del equipo: {'bateria': 50, 'temperatura': 25, 'memoria': 59.9, 'cpu_uso': 11.7, 'necesita_ahorro': False, 'puede_rendimiento': False}
2025-10-29 16:14:24,855 - INFO /// Estado del equipo: {'bateria': 50, 'temperatura': 25, 'memoria': 59.9, 'cpu_uso': 11.9, 'necesita_ahorro': False, 'puede_rendimiento': False}
2025-10-29 16:14:35,856 - INFO /// Estado del equipo: {'bateria': 50, 'temperatura': 25, 'memoria': 59.9, 'cpu_uso': 17.7, 'necesita_ahorro': False, 'puede_rendimiento': False}
2025-10-29 16:14:46,858 - INFO /// Estado del equipo: {'bateria': 50, 'temperatura': 25, 'memoria': 59.3, 'cpu_uso': 15.9, 'necesita_ahorro': False, 'puede_rendimiento': False}
2025-10-29 16:15:17,611 - INFO /// Estado del equipo: {'bateria': 50, 'temperatura': 25, 'memoria': 58.7, 'cpu_uso': 4.9, 'necesita_ahorro': False, 'puede_rendimiento': False}
2025-10-29 16:15:18,615 - INFO /// Estado del equipo: {'bateria': 50, 'temperatura': 25, 'memoria': 58.7, 'cpu_uso': 4.7, 'necesita_ahorro': False, 'puede_rendimiento': False}
2025-10-29 16:15:18,615 - INFO /// Aplicando optimizaciones de rendimiento
2025-10-29 16:15:29,617 - INFO /// Estado del equipo: {'bateria': 50, 'temperatura': 25, 'memoria': 59.3, 'cpu_uso': 10.3, 'necesita_ahorro': False, 'puede_rendimiento': False}
2025-10-29 16:16:41,506 - INFO /// Estado del equipo: {'bateria': 50, 'temperatura': 25, 'memoria': 59.0, 'cpu_uso': 4.9, 'necesita_ahorro': False, 'puede_rendimiento': False}
2025-10-29 16:16:42,511 - INFO /// Estado del equipo: {'bateria': 50, 'temperatura': 25, 'memoria': 59.0, 'cpu_uso': 4.9, 'necesita_ahorro': False, 'puede_rendimiento': False}
2025-10-29 16:16:42,511 - INFO /// Aplicando optimizaciones de rendimiento
2025-10-29 16:18:55,170 - INFO /// Estado del equipo: {'bateria': 50, 'temperatura': 25, 'memoria': 57.8, 'cpu_uso': 9.2, 'necesita_ahorro': False, 'puede_rendimiento': False}
2025-10-29 16:18:58,848 - INFO /// Estado del equipo: {'bateria': 50, 'temperatura': 25, 'memoria': 58.0, 'cpu_uso': 2.7, 'necesita_ahorro': False, 'puede_rendimiento': False}
2025-10-29 16:18:58,848 - INFO /// Aplicando optimizaciones de rendimiento
2025-10-29 16:19:09,849 - INFO /// Estado del equipo: {'bateria': 50, 'temperatura': 25, 'memoria': 59.4, 'cpu_uso': 95.1, 'necesita_ahorro': False, 'puede_rendimiento': False}
2025-10-29 16:20:22,070 - INFO /// Estado del equipo: {'bateria': 50, 'temperatura': 25, 'memoria': 57.9, 'cpu_uso': 7.8, 'necesita_ahorro': False, 'puede_rendimiento': False}
2025-10-29 16:20:25,747 - INFO /// Estado del equipo: {'bateria': 50, 'temperatura': 25, 'memoria': 58.1, 'cpu_uso': 9.6, 'necesita_ahorro': False, 'puede_rendimiento': False}
2025-10-29 16:20:25,747 - INFO /// Aplicando optimizaciones de rendimiento
2025-10-29 16:20:36,749 - INFO /// Estado del equipo: {'bateria': 50, 'temperatura': 25, 'memoria': 59.5, 'cpu_uso': 92.5, 'necesita_ahorro': False, 'puede_rendimiento': False}
2025-10-29 16:23:21,177 - INFO /// Estado del equipo: {'bateria': 50, 'temperatura': 25, 'memoria': 57.6, 'cpu_uso': 9.4, 'necesita_ahorro': False, 'puede_rendimiento': False}
2025-10-29 16:23:22,182 - INFO /// Estado del equipo: {'bateria': 50, 'temperatura': 25, 'memoria': 57.6, 'cpu_uso': 2.1, 'necesita_ahorro': False, 'puede_rendimiento': False}
2025-10-29 16:23:22,182 - INFO /// Aplicando optimizaciones de rendimiento
2025-10-29 16:23:33,184 - INFO /// Estado del equipo: {'bateria': 50, 'temperatura': 25, 'memoria': 59.4, 'cpu_uso': 33.9, 'necesita_ahorro': False, 'puede_rendimiento': False}
2025-10-29 16:23:44,187 - INFO /// Estado del equipo: {'bateria': 50, 'temperatura': 25, 'memoria': 59.6, 'cpu_uso': 62.5, 'necesita_ahorro': False, 'puede_rendimiento': False}
2025-10-29 16:23:55,189 - INFO /// Estado del equipo: {'bateria': 50, 'temperatura': 25, 'memoria': 59.8, 'cpu_uso': 94.9, 'necesita_ahorro': False, 'puede_rendimiento': False}
2025-10-29 16:27:37,287 - INFO /// Estado del equipo: {'bateria': 50, 'temperatura': 25, 'memoria': 57.0, 'cpu_uso': 4.9, 'necesita_ahorro': False, 'puede_rendimiento': False}
2025-10-29 16:27:38,291 - INFO /// Estado del equipo: {'bateria': 50, 'temperatura': 25, 'memoria': 57.0, 'cpu_uso': 4.9, 'necesita_ahorro': False, 'puede_rendimiento': False}
2025-10-29 16:27:38,291 - INFO /// Aplicando optimizaciones de rendimiento
2025-10-29 16:31:06,403 - INFO /// Estado del equipo: {'bateria': 50, 'temperatura': 25, 'memoria': 51.8, 'cpu_uso': 80.3, 'necesita_ahorro': False, 'puede_rendimiento': False}
2025-10-29 16:31:07,412 - INFO /// Estado del equipo: {'bateria': 50, 'temperatura': 25, 'memoria': 52.8, 'cpu_uso': 55.6, 'necesita_ahorro': False, 'puede_rendimiento': False}
2025-10-29 16:31:07,412 - INFO /// Aplicando optimizaciones de rendimiento
2025-10-29 16:31:18,413 - INFO /// Estado del equipo: {'bateria': 50, 'temperatura': 25, 'memoria': 55.8, 'cpu_uso': 100.0, 'necesita_ahorro': False, 'puede_rendimiento': False}
2025-10-29 16:31:29,415 - INFO /// Estado del equipo: {'bateria': 50, 'temperatura': 25, 'memoria': 56.2, 'cpu_uso': 100.0, 'necesita_ahorro': False, 'puede_rendimiento': False}
2025-10-29 16:31:40,416 - INFO /// Estado del equipo: {'bateria': 50, 'temperatura': 25, 'memoria': 55.1, 'cpu_uso': 100.0, 'necesita_ahorro': False, 'puede_rendimiento': False}
2025-10-29 16:31:51,419 - INFO /// Estado del equipo: {'bateria': 50, 'temperatura': 25, 'memoria': 56.0, 'cpu_uso': 100.0, 'necesita_ahorro': False, 'puede_rendimiento': False}
2025-10-29 16:32:02,754 - INFO /// Estado del equipo: {'bateria': 50, 'temperatura': 25, 'memoria': 55.8, 'cpu_uso': 80.3, 'necesita_ahorro': False, 'puede_rendimiento': False}
2025-10-29 16:32:13,755 - INFO /// Estado del equipo: {'bateria': 50, 'temperatura': 25, 'memoria': 56.3, 'cpu_uso': 39.3, 'necesita_ahorro': False, 'puede_rendimiento': False}
2025-10-29 16:32:24,756 - INFO /// Estado del equipo: {'bateria': 50, 'temperatura': 25, 'memoria': 58.6, 'cpu_uso': 43.2, 'necesita_ahorro': False, 'puede_rendimiento': False}
2025-10-29 16:32:35,776 - INFO /// Estado del equipo: {'bateria': 50, 'temperatura': 25, 'memoria': 61.7, 'cpu_uso': 84.0, 'necesita_ahorro': False, 'puede_rendimiento': False}
2025-10-29 16:32:46,778 - INFO /// Estado del equipo: {'bateria': 50, 'temperatura': 25, 'memoria': 65.5, 'cpu_uso': 19.3, 'necesita_ahorro': False, 'puede_rendimiento': False}
2025-10-29 16:32:57,779 - INFO /// Estado del equipo: {'bateria': 50, 'temperatura': 25, 'memoria': 64.8, 'cpu_uso': 19.1, 'necesita_ahorro': False, 'puede_rendimiento': False}
2025-10-29 16:33:08,780 - INFO /// Estado del equipo: {'bateria': 50, 'temperatura': 25, 'memoria': 64.6, 'cpu_uso': 2.7, 'necesita_ahorro': False, 'puede_rendimiento': False}
2025-10-29 16:33:19,781 - INFO /// Estado del equipo: {'bateria': 50, 'temperatura': 25, 'memoria': 64.3, 'cpu_uso': 7.0, 'necesita_ahorro': False, 'puede_rendimiento': False}
2025-10-29 16:33:30,782 - INFO /// Estado del equipo: {'bateria': 50, 'temperatura': 25, 'memoria': 64.2, 'cpu_uso': 2.7, 'necesita_ahorro': False, 'puede_rendimiento': False}
2025-10-29 16:33:41,783 - INFO /// Estado del equipo: {'bateria': 50, 'temperatura': 25, 'memoria': 64.5, 'cpu_uso': 5.1, 'necesita_ahorro': False, 'puede_rendimiento': False}
2025-10-29 16:33:52,784 - INFO /// Estado del equipo: {'bateria': 50, 'temperatura': 25, 'memoria': 64.3, 'cpu_uso': 11.1, 'necesita_ahorro': False, 'puede_rendimiento': False}
2025-10-29 16:34:03,786 - INFO /// Estado del equipo: {'bateria': 50, 'temperatura': 25, 'memoria': 64.5, 'cpu_uso': 28.2, 'necesita_ahorro': False, 'puede_rendimiento': False}
2025-10-29 16:34:14,787 - INFO /// Estado del equipo: {'bateria': 50, 'temperatura': 25, 'memoria': 65.2, 'cpu_uso': 4.7, 'necesita_ahorro': False, 'puede_rendimiento': False}
2025-10-29 16:34:25,789 - INFO /// Estado del equipo: {'bateria': 50, 'temperatura': 25, 'memoria': 65.5, 'cpu_uso': 5.8, 'necesita_ahorro': False, 'puede_rendimiento': False}
2025-10-29 16:34:36,790 - INFO /// Estado del equipo: {'bateria': 50, 'temperatura': 25, 'memoria': 65.1, 'cpu_uso': 9.7, 'necesita_ahorro': False, 'puede_rendimiento': False}
2025-10-29 16:34:47,791 - INFO /// Estado del equipo: {'bateria': 50, 'temperatura': 25, 'memoria': 60.0, 'cpu_uso': 11.7, 'necesita_ahorro': False, 'puede_rendimiento': False}
2025-10-29 16:34:58,792 - INFO /// Estado del equipo: {'bateria': 50, 'temperatura': 25, 'memoria': 60.8, 'cpu_uso': 8.6, 'necesita_ahorro': False, 'puede_rendimiento': False}
2025-10-29 16:35:09,793 - INFO /// Estado del equipo: {'bateria': 50, 'temperatura': 25, 'memoria': 61.0, 'cpu_uso': 4.5, 'necesita_ahorro': False, 'puede_rendimiento': False}
2025-10-29 16:35:20,795 - INFO /// Estado del equipo: {'bateria': 50, 'temperatura': 25, 'memoria': 60.8, 'cpu_uso': 9.9, 'necesita_ahorro': False, 'puede_rendimiento': False}
2025-10-29 16:35:31,796 - INFO /// Estado del equipo: {'bateria': 50, 'temperatura': 25, 'memoria': 60.6, 'cpu_uso': 2.5, 'necesita_ahorro': False, 'puede_rendimiento': False}
2025-10-29 16:35:42,797 - INFO /// Estado del equipo: {'bateria': 50, 'temperatura': 25, 'memoria': 60.9, 'cpu_uso': 9.7, 'necesita_ahorro': False, 'puede_rendimiento': False}
2025-10-29 16:35:53,799 - INFO /// Estado del equipo: {'bateria': 50, 'temperatura': 25, 'memoria': 60.9, 'cpu_uso': 10.2, 'necesita_ahorro': False, 'puede_rendimiento': False}
2025-10-29 16:36:04,799 - INFO /// Estado del equipo: {'bateria': 50, 'temperatura': 25, 'memoria': 61.7, 'cpu_uso': 8.9, 'necesita_ahorro': False, 'puede_rendimiento': False}
2025-10-29 16:36:15,801 - INFO /// Estado del equipo: {'bateria': 50, 'temperatura': 25, 'memoria': 61.7, 'cpu_uso': 13.3, 'necesita_ahorro': False, 'puede_rendimiento': False}
2025-10-29 16:36:35,059 - INFO /// Estado del equipo: {'bateria': 50, 'temperatura': 25, 'memoria': 60.7, 'cpu_uso': 5.1, 'necesita_ahorro': False, 'puede_rendimiento': False}
2025-10-29 16:36:36,063 - INFO /// Estado del equipo: {'bateria': 50, 'temperatura': 25, 'memoria': 60.6, 'cpu_uso': 8.0, 'necesita_ahorro': False, 'puede_rendimiento': False}
2025-10-29 16:36:36,063 - INFO /// Aplicando optimizaciones de rendimiento
2025-10-29 16:36:47,065 - INFO /// Estado del equipo: {'bateria': 50, 'temperatura': 25, 'memoria': 61.4, 'cpu_uso': 97.9, 'necesita_ahorro': False, 'puede_rendimiento': False}
2025-10-29 16:36:58,066 - INFO /// Estado del equipo: {'bateria': 50, 'temperatura': 25, 'memoria': 60.8, 'cpu_uso': 4.5, 'necesita_ahorro': False, 'puede_rendimiento': False}
2025-10-29 16:37:09,067 - INFO /// Estado del equipo: {'bateria': 50, 'temperatura': 25, 'memoria': 60.8, 'cpu_uso': 6.1, 'necesita_ahorro': False, 'puede_rendimiento': False}
2025-10-29 16:37:20,069 - INFO /// Estado del equipo: {'bateria': 50, 'temperatura': 25, 'memoria': 61.0, 'cpu_uso': 4.7, 'necesita_ahorro': False, 'puede_rendimiento': False}
2025-10-29 16:37:31,071 - INFO /// Estado del equipo: {'bateria': 50, 'temperatura': 25, 'memoria': 60.8, 'cpu_uso': 4.5, 'necesita_ahorro': False, 'puede_rendimiento': False}
2025-10-29 16:37:42,072 - INFO /// Estado del equipo: {'bateria': 50, 'temperatura': 25, 'memoria': 59.6, 'cpu_uso': 5.5, 'necesita_ahorro': False, 'puede_rendimiento': False}
2025-10-29 16:37:53,073 - INFO /// Estado del equipo: {'bateria': 50, 'temperatura': 25, 'memoria': 59.4, 'cpu_uso': 7.8, 'necesita_ahorro': False, 'puede_rendimiento': False}
2025-10-29 16:38:04,074 - INFO /// Estado del equipo: {'bateria': 50, 'temperatura': 25, 'memoria': 59.1, 'cpu_uso': 3.5, 'necesita_ahorro': False, 'puede_rendimiento': False}
2025-10-29 16:38:15,075 - INFO /// Estado del equipo: {'bateria': 50, 'temperatura': 25, 'memoria': 59.4, 'cpu_uso': 12.8, 'necesita_ahorro': False, 'puede_rendimiento': False}
2025-10-29 16:38:29,112 - INFO /// Estado del equipo: {'bateria': 50, 'temperatura': 25, 'memoria': 58.0, 'cpu_uso': 6.6, 'necesita_ahorro': False, 'puede_rendimiento': False}
2025-10-29 16:38:30,117 - INFO /// Estado del equipo: {'bateria': 50, 'temperatura': 25, 'memoria': 58.0, 'cpu_uso': 3.5, 'necesita_ahorro': False, 'puede_rendimiento': False}
2025-10-29 16:38:30,117 - INFO /// Aplicando optimizaciones de rendimiento
2025-10-29 16:38:41,119 - INFO /// Estado del equipo: {'bateria': 50, 'temperatura': 25, 'memoria': 59.7, 'cpu_uso': 94.0, 'necesita_ahorro': False, 'puede_rendimiento': False}
2025-10-29 16:38:52,121 - INFO /// Estado del equipo: {'bateria': 50, 'temperatura': 25, 'memoria': 59.5, 'cpu_uso': 3.1, 'necesita_ahorro': False, 'puede_rendimiento': False}
2025-10-29 16:39:03,122 - INFO /// Estado del equipo: {'bateria': 50, 'temperatura': 25, 'memoria': 59.3, 'cpu_uso': 11.0, 'necesita_ahorro': False, 'puede_rendimiento': False}
2025-10-29 18:06:11,767 - INFO /// Estado del equipo: {'bateria': 50, 'temperatura': 25, 'memoria': 61.5, 'cpu_uso': 7.6, 'necesita_ahorro': False, 'puede_rendimiento': False}
2025-10-29 18:06:12,772 - INFO /// Estado del equipo: {'bateria': 50, 'temperatura': 25, 'memoria': 61.4, 'cpu_uso': 5.4, 'necesita_ahorro': False, 'puede_rendimiento': False}
2025-10-29 18:06:12,773 - INFO /// Aplicando optimizaciones de rendimiento
2025-10-29 18:06:23,774 - INFO /// Estado del equipo: {'bateria': 50, 'temperatura': 25, 'memoria': 61.8, 'cpu_uso': 6.0, 'necesita_ahorro': False, 'puede_rendimiento': False}
2025-10-29 18:06:34,776 - INFO /// Estado del equipo: {'bateria': 50, 'temperatura': 25, 'memoria': 63.3, 'cpu_uso': 95.0, 'necesita_ahorro': False, 'puede_rendimiento': False}
2025-10-29 18:06:45,777 - INFO /// Estado del equipo: {'bateria': 50, 'temperatura': 25, 'memoria': 63.4, 'cpu_uso': 97.3, 'necesita_ahorro': False, 'puede_rendimiento': False}
2025-10-29 18:06:56,779 - INFO /// Estado del equipo: {'bateria': 50, 'temperatura': 25, 'memoria': 62.9, 'cpu_uso': 3.5, 'necesita_ahorro': False, 'puede_rendimiento': False}
2025-10-29 18:07:07,780 - INFO /// Estado del equipo: {'bateria': 50, 'temperatura': 25, 'memoria': 62.3, 'cpu_uso': 5.8, 'necesita_ahorro': False, 'puede_rendimiento': False}
2025-10-29 18:12:10,507 - INFO /// Estado del equipo: {'bateria': 50, 'temperatura': 25, 'memoria': 59.3, 'cpu_uso': 8.7, 'necesita_ahorro': False, 'puede_rendimiento': False}
2025-10-29 18:12:11,512 - INFO /// Estado del equipo: {'bateria': 50, 'temperatura': 25, 'memoria': 59.2, 'cpu_uso': 5.8, 'necesita_ahorro': False, 'puede_rendimiento': False}
2025-10-29 18:12:11,512 - INFO /// Aplicando optimizaciones de rendimiento
2025-10-29 18:12:22,514 - INFO /// Estado del equipo: {'bateria': 50, 'temperatura': 25, 'memoria': 60.6, 'cpu_uso': 94.5, 'necesita_ahorro': False, 'puede_rendimiento': False}
2025-10-29 18:12:33,516 - INFO /// Estado del equipo: {'bateria': 50, 'temperatura': 25, 'memoria': 60.4, 'cpu_uso': 92.5, 'necesita_ahorro': False, 'puede_rendimiento': False}
2025-10-29 18:12:44,518 - INFO /// Estado del equipo: {'bateria': 50, 'temperatura': 25, 'memoria': 60.4, 'cpu_uso': 13.2, 'necesita_ahorro': False, 'puede_rendimiento': False}
2025-10-29 18:12:55,519 - INFO /// Estado del equipo: {'bateria': 50, 'temperatura': 25, 'memoria': 59.7, 'cpu_uso': 11.0, 'necesita_ahorro': False, 'puede_rendimiento': False}
2025-10-29 18:13:06,520 - INFO /// Estado del equipo: {'bateria': 50, 'temperatura': 25, 'memoria': 59.6, 'cpu_uso': 14.1, 'necesita_ahorro': False, 'puede_rendimiento': False}
2025-10-29 18:13:17,521 - INFO /// Estado del equipo: {'bateria': 50, 'temperatura': 25, 'memoria': 59.5, 'cpu_uso': 4.5, 'necesita_ahorro': False, 'puede_rendimiento': False}
2025-10-29 18:13:28,522 - INFO /// Estado del equipo: {'bateria': 50, 'temperatura': 25, 'memoria': 59.5, 'cpu_uso': 4.9, 'necesita_ahorro': False, 'puede_rendimiento': False}
2025-10-29 18:13:39,523 - INFO /// Estado del equipo: {'bateria': 50, 'temperatura': 25, 'memoria': 59.8, 'cpu_uso': 9.5, 'necesita_ahorro': False, 'puede_rendimiento': False}
2025-10-29 18:17:17,121 - INFO /// Estado del equipo: {'bateria': 50, 'temperatura': 25, 'memoria': 59.2, 'cpu_uso': 7.8, 'necesita_ahorro': False, 'puede_rendimiento': False}
2025-10-29 18:17:18,126 - INFO /// Estado del equipo: {'bateria': 50, 'temperatura': 25, 'memoria': 59.2, 'cpu_uso': 3.1, 'necesita_ahorro': False, 'puede_rendimiento': False}
2025-10-29 18:17:18,126 - INFO /// Aplicando optimizaciones de rendimiento
2025-10-29 18:17:29,128 - INFO /// Estado del equipo: {'bateria': 50, 'temperatura': 25, 'memoria': 61.1, 'cpu_uso': 95.3, 'necesita_ahorro': False, 'puede_rendimiento': False}
2025-10-29 18:17:40,133 - INFO /// Estado del equipo: {'bateria': 50, 'temperatura': 25, 'memoria': 61.5, 'cpu_uso': 94.4, 'necesita_ahorro': False, 'puede_rendimiento': False}
2025-10-29 18:17:51,134 - INFO /// Estado del equipo: {'bateria': 50, 'temperatura': 25, 'memoria': 61.2, 'cpu_uso': 4.3, 'necesita_ahorro': False, 'puede_rendimiento': False}
2025-10-29 18:18:02,135 - INFO /// Estado del equipo: {'bateria': 50, 'temperatura': 25, 'memoria': 61.3, 'cpu_uso': 14.3, 'necesita_ahorro': False, 'puede_rendimiento': False}
2025-10-29 18:18:13,137 - INFO /// Estado del equipo: {'bateria': 50, 'temperatura': 25, 'memoria': 61.0, 'cpu_uso': 4.4, 'necesita_ahorro': False, 'puede_rendimiento': False}
2025-10-29 18:18:24,138 - INFO /// Estado del equipo: {'bateria': 50, 'temperatura': 25, 'memoria': 60.9, 'cpu_uso': 3.7, 'necesita_ahorro': False, 'puede_rendimiento': False}
2025-10-29 18:18:35,139 - INFO /// Estado del equipo: {'bateria': 50, 'temperatura': 25, 'memoria': 60.5, 'cpu_uso': 6.9, 'necesita_ahorro': False, 'puede_rendimiento': False}
2025-10-29 18:18:46,140 - INFO /// Estado del equipo: {'bateria': 50, 'temperatura': 25, 'memoria': 60.0, 'cpu_uso': 15.2, 'necesita_ahorro': False, 'puede_rendimiento': False}
2025-10-29 18:18:57,142 - INFO /// Estado del equipo: {'bateria': 50, 'temperatura': 25, 'memoria': 59.8, 'cpu_uso': 5.9, 'necesita_ahorro': False, 'puede_rendimiento': False}
2025-10-29 18:19:08,143 - INFO /// Estado del equipo: {'bateria': 50, 'temperatura': 25, 'memoria': 59.8, 'cpu_uso': 8.8, 'necesita_ahorro': False, 'puede_rendimiento': False}
2025-10-29 18:19:19,144 - INFO /// Estado del equipo: {'bateria': 50, 'temperatura': 25, 'memoria': 59.9, 'cpu_uso': 2.3, 'necesita_ahorro': False, 'puede_rendimiento': False}
2025-10-29 18:19:30,146 - INFO /// Estado del equipo: {'bateria': 50, 'temperatura': 25, 'memoria': 59.9, 'cpu_uso': 9.2, 'necesita_ahorro': False, 'puede_rendimiento': False}
2025-10-29 18:19:41,147 - INFO /// Estado del equipo: {'bateria': 50, 'temperatura': 25, 'memoria': 59.9, 'cpu_uso': 4.7, 'necesita_ahorro': False, 'puede_rendimiento': False}
2025-10-29 18:19:52,149 - INFO /// Estado del equipo: {'bateria': 50, 'temperatura': 25, 'memoria': 59.9, 'cpu_uso': 8.1, 'necesita_ahorro': False, 'puede_rendimiento': False}
2025-10-29 18:20:03,150 - INFO /// Estado del equipo: {'bateria': 50, 'temperatura': 25, 'memoria': 60.7, 'cpu_uso': 35.7, 'necesita_ahorro': False, 'puede_rendimiento': False}
2025-10-29 18:20:14,152 - INFO /// Estado del equipo: {'bateria': 50, 'temperatura': 25, 'memoria': 61.3, 'cpu_uso': 15.7, 'necesita_ahorro': False, 'puede_rendimiento': False}
2025-10-29 18:20:25,153 - INFO /// Estado del equipo: {'bateria': 50, 'temperatura': 25, 'memoria': 66.5, 'cpu_uso': 24.5, 'necesita_ahorro': False, 'puede_rendimiento': False}
2025-10-29 18:20:36,154 - INFO /// Estado del equipo: {'bateria': 50, 'temperatura': 25, 'memoria': 66.5, 'cpu_uso': 4.7, 'necesita_ahorro': False, 'puede_rendimiento': False}
2025-10-29 18:20:47,156 - INFO /// Estado del equipo: {'bateria': 50, 'temperatura': 25, 'memoria': 66.0, 'cpu_uso': 14.1, 'necesita_ahorro': False, 'puede_rendimiento': False}
2025-10-29 18:20:58,157 - INFO /// Estado del equipo: {'bateria': 50, 'temperatura': 25, 'memoria': 65.5, 'cpu_uso': 17.7, 'necesita_ahorro': False, 'puede_rendimiento': False}
2025-10-29 18:21:09,158 - INFO /// Estado del equipo: {'bateria': 50, 'temperatura': 25, 'memoria': 65.1, 'cpu_uso': 17.3, 'necesita_ahorro': False, 'puede_rendimiento': False}
2025-10-29 18:21:20,160 - INFO /// Estado del equipo: {'bateria': 50, 'temperatura': 25, 'memoria': 65.1, 'cpu_uso': 14.2, 'necesita_ahorro': False, 'puede_rendimiento': False}
2025-10-29 18:21:31,161 - INFO /// Estado del equipo: {'bateria': 50, 'temperatura': 25, 'memoria': 64.4, 'cpu_uso': 14.7, 'necesita_ahorro': False, 'puede_rendimiento': False}
2025-10-29 18:21:42,161 - INFO /// Estado del equipo: {'bateria': 50, 'temperatura': 25, 'memoria': 64.6, 'cpu_uso': 16.0, 'necesita_ahorro': False, 'puede_rendimiento': False}
2025-10-29 18:21:53,163 - INFO /// Estado del equipo: {'bateria': 50, 'temperatura': 25, 'memoria': 64.7, 'cpu_uso': 17.3, 'necesita_ahorro': False, 'puede_rendimiento': False}
2025-10-29 18:22:04,164 - INFO /// Estado del equipo: {'bateria': 50, 'temperatura': 25, 'memoria': 64.3, 'cpu_uso': 8.2, 'necesita_ahorro': False, 'puede_rendimiento': False}
2025-10-29 18:22:15,166 - INFO /// Estado del equipo: {'bateria': 50, 'temperatura': 25, 'memoria': 64.7, 'cpu_uso': 8.2, 'necesita_ahorro': False, 'puede_rendimiento': False}
2025-10-29 18:22:26,167 - INFO /// Estado del equipo: {'bateria': 50, 'temperatura': 25, 'memoria': 64.8, 'cpu_uso': 12.4, 'necesita_ahorro': False, 'puede_rendimiento': False}
2025-10-29 18:22:37,168 - INFO /// Estado del equipo: {'bateria': 50, 'temperatura': 25, 'memoria': 64.9, 'cpu_uso': 3.3, 'necesita_ahorro': False, 'puede_rendimiento': False}
2025-10-29 18:22:48,169 - INFO /// Estado del equipo: {'bateria': 50, 'temperatura': 25, 'memoria': 65.9, 'cpu_uso': 31.2, 'necesita_ahorro': False, 'puede_rendimiento': False}
2025-10-29 18:22:59,171 - INFO /// Estado del equipo: {'bateria': 50, 'temperatura': 25, 'memoria': 66.0, 'cpu_uso': 26.6, 'necesita_ahorro': False, 'puede_rendimiento': False}
2025-10-29 18:23:10,172 - INFO /// Estado del equipo: {'bateria': 50, 'temperatura': 25, 'memoria': 65.4, 'cpu_uso': 3.9, 'necesita_ahorro': False, 'puede_rendimiento': False}
2025-10-29 18:23:21,173 - INFO /// Estado del equipo: {'bateria': 50, 'temperatura': 25, 'memoria': 64.9, 'cpu_uso': 11.1, 'necesita_ahorro': False, 'puede_rendimiento': False}
2025-10-29 18:23:32,174 - INFO /// Estado del equipo: {'bateria': 50, 'temperatura': 25, 'memoria': 64.5, 'cpu_uso': 3.7, 'necesita_ahorro': False, 'puede_rendimiento': False}
2025-10-29 18:23:43,176 - INFO /// Estado del equipo: {'bateria': 50, 'temperatura': 25, 'memoria': 64.3, 'cpu_uso': 11.8, 'necesita_ahorro': False, 'puede_rendimiento': False}
2025-10-29 18:23:54,177 - INFO /// Estado del equipo: {'bateria': 50, 'temperatura': 25, 'memoria': 64.3, 'cpu_uso': 13.0, 'necesita_ahorro': False, 'puede_rendimiento': False}
2025-10-29 18:24:05,178 - INFO /// Estado del equipo: {'bateria': 50, 'temperatura': 25, 'memoria': 64.2, 'cpu_uso': 6.0, 'necesita_ahorro': False, 'puede_rendimiento': False}
2025-10-29 18:24:16,179 - INFO /// Estado del equipo: {'bateria': 50, 'temperatura': 25, 'memoria': 64.2, 'cpu_uso': 5.1, 'necesita_ahorro': False, 'puede_rendimiento': False}
2025-10-29 18:24:27,181 - INFO /// Estado del equipo: {'bateria': 50, 'temperatura': 25, 'memoria': 64.3, 'cpu_uso': 5.7, 'necesita_ahorro': False, 'puede_rendimiento': False}
2025-10-29 18:24:38,182 - INFO /// Estado del equipo: {'bateria': 50, 'temperatura': 25, 'memoria': 64.2, 'cpu_uso': 7.4, 'necesita_ahorro': False, 'puede_rendimiento': False}
2025-10-29 18:24:49,183 - INFO /// Estado del equipo: {'bateria': 50, 'temperatura': 25, 'memoria': 64.3, 'cpu_uso': 3.9, 'necesita_ahorro': False, 'puede_rendimiento': False}
2025-10-29 18:25:00,183 - INFO /// Estado del equipo: {'bateria': 50, 'temperatura': 25, 'memoria': 64.3, 'cpu_uso': 7.4, 'necesita_ahorro': False, 'puede_rendimiento': False}
2025-10-29 18:25:11,185 - INFO /// Estado del equipo: {'bateria': 50, 'temperatura': 25, 'memoria': 63.8, 'cpu_uso': 12.6, 'necesita_ahorro': False, 'puede_rendimiento': False}
2025-10-29 18:25:22,186 - INFO /// Estado del equipo: {'bateria': 50, 'temperatura': 25, 'memoria': 64.4, 'cpu_uso': 43.2, 'necesita_ahorro': False, 'puede_rendimiento': False}
2025-10-29 18:25:33,187 - INFO /// Estado del equipo: {'bateria': 50, 'temperatura': 25, 'memoria': 64.7, 'cpu_uso': 12.1, 'necesita_ahorro': False, 'puede_rendimiento': False}
2025-10-29 18:25:44,189 - INFO /// Estado del equipo: {'bateria': 50, 'temperatura': 25, 'memoria': 64.8, 'cpu_uso': 6.6, 'necesita_ahorro': False, 'puede_rendimiento': False}
2025-10-29 18:25:55,190 - INFO /// Estado del equipo: {'bateria': 50, 'temperatura': 25, 'memoria': 64.7, 'cpu_uso': 6.2, 'necesita_ahorro': False, 'puede_rendimiento': False}
2025-10-29 18:26:06,191 - INFO /// Estado del equipo: {'bateria': 50, 'temperatura': 25, 'memoria': 64.6, 'cpu_uso': 7.0, 'necesita_ahorro': False, 'puede_rendimiento': False}
2025-10-29 18:26:17,192 - INFO /// Estado del equipo: {'bateria': 50, 'temperatura': 25, 'memoria': 64.5, 'cpu_uso': 10.8, 'necesita_ahorro': False, 'puede_rendimiento': False}
2025-10-29 18:26:28,193 - INFO /// Estado del equipo: {'bateria': 50, 'temperatura': 25, 'memoria': 64.5, 'cpu_uso': 12.7, 'necesita_ahorro': False, 'puede_rendimiento': False}
2025-10-29 18:28:25,789 - INFO /// Estado del equipo: {'bateria': 50, 'temperatura': 25, 'memoria': 62.4, 'cpu_uso': 7.6, 'necesita_ahorro': False, 'puede_rendimiento': False}
2025-10-29 18:28:26,791 - INFO /// Estado del equipo: {'bateria': 50, 'temperatura': 25, 'memoria': 62.4, 'cpu_uso': 11.7, 'necesita_ahorro': False, 'puede_rendimiento': False}
2025-10-29 18:28:26,791 - INFO /// Aplicando optimizaciones de rendimiento
2025-10-29 18:28:37,793 - INFO /// Estado del equipo: {'bateria': 50, 'temperatura': 25, 'memoria': 64.0, 'cpu_uso': 98.3, 'necesita_ahorro': False, 'puede_rendimiento': False}
2025-10-29 18:28:48,794 - INFO /// Estado del equipo: {'bateria': 50, 'temperatura': 25, 'memoria': 64.0, 'cpu_uso': 95.2, 'necesita_ahorro': False, 'puede_rendimiento': False}
2025-10-29 18:28:59,797 - INFO /// Estado del equipo: {'bateria': 50, 'temperatura': 25, 'memoria': 64.0, 'cpu_uso': 95.1, 'necesita_ahorro': False, 'puede_rendimiento': False}
2025-10-30 13:08:32,399 - INFO /// Estado del equipo: {'bateria': 50, 'temperatura': 25, 'memoria': 60.2, 'cpu_uso': 15.1, 'necesita_ahorro': False, 'puede_rendimiento': False}
2025-10-30 13:08:33,407 - INFO /// Estado del equipo: {'bateria': 50, 'temperatura': 25, 'memoria': 60.2, 'cpu_uso': 13.0, 'necesita_ahorro': False, 'puede_rendimiento': False}
2025-10-30 13:08:33,407 - INFO /// Aplicando optimizaciones de rendimiento
2025-10-30 13:08:44,408 - INFO /// Estado del equipo: {'bateria': 50, 'temperatura': 25, 'memoria': 63.1, 'cpu_uso': 25.6, 'necesita_ahorro': False, 'puede_rendimiento': False}
2025-10-30 13:08:55,409 - INFO /// Estado del equipo: {'bateria': 50, 'temperatura': 25, 'memoria': 62.5, 'cpu_uso': 5.6, 'necesita_ahorro': False, 'puede_rendimiento': False}
2025-10-30 13:09:06,410 - INFO /// Estado del equipo: {'bateria': 50, 'temperatura': 25, 'memoria': 62.6, 'cpu_uso': 7.6, 'necesita_ahorro': False, 'puede_rendimiento': False}
2025-10-30 13:13:41,063 - INFO /// Estado del equipo: {'bateria': 50, 'temperatura': 25, 'memoria': 54.4, 'cpu_uso': 26.4, 'necesita_ahorro': False, 'puede_rendimiento': False}
2025-10-30 13:13:42,068 - INFO /// Estado del equipo: {'bateria': 50, 'temperatura': 25, 'memoria': 54.4, 'cpu_uso': 25.2, 'necesita_ahorro': False, 'puede_rendimiento': False}
2025-10-30 13:13:42,068 - INFO /// Aplicando optimizaciones de rendimiento
2025-10-30 13:13:53,069 - INFO /// Estado del equipo: {'bateria': 50, 'temperatura': 25, 'memoria': 57.9, 'cpu_uso': 33.8, 'necesita_ahorro': False, 'puede_rendimiento': False}
2025-10-30 13:14:04,071 - INFO /// Estado del equipo: {'bateria': 50, 'temperatura': 25, 'memoria': 57.9, 'cpu_uso': 6.9, 'necesita_ahorro': False, 'puede_rendimiento': False}
2025-10-30 13:14:15,072 - INFO /// Estado del equipo: {'bateria': 50, 'temperatura': 25, 'memoria': 58.0, 'cpu_uso': 3.3, 'necesita_ahorro': False, 'puede_rendimiento': False}
2025-10-30 13:14:35,585 - INFO /// Estado del equipo: {'bateria': 50, 'temperatura': 25, 'memoria': 55.5, 'cpu_uso': 5.4, 'necesita_ahorro': False, 'puede_rendimiento': False}
2025-10-30 13:14:39,226 - INFO /// Estado del equipo: {'bateria': 50, 'temperatura': 25, 'memoria': 55.6, 'cpu_uso': 6.4, 'necesita_ahorro': False, 'puede_rendimiento': False}
2025-10-30 13:14:39,226 - INFO /// Aplicando optimizaciones de rendimiento
2025-10-30 13:15:16,629 - INFO /// Estado del equipo: {'bateria': 50, 'temperatura': 25, 'memoria': 55.5, 'cpu_uso': 8.2, 'necesita_ahorro': False, 'puede_rendimiento': False}
2025-10-30 13:15:20,439 - INFO /// Estado del equipo: {'bateria': 50, 'temperatura': 25, 'memoria': 56.2, 'cpu_uso': 17.9, 'necesita_ahorro': False, 'puede_rendimiento': False}
2025-10-30 13:15:20,439 - INFO /// Aplicando optimizaciones de rendimiento
2025-10-30 13:16:29,824 - INFO /// Estado del equipo: {'bateria': 50, 'temperatura': 25, 'memoria': 53.7, 'cpu_uso': 6.1, 'necesita_ahorro': False, 'puede_rendimiento': False}
2025-10-30 13:16:33,411 - INFO /// Estado del equipo: {'bateria': 50, 'temperatura': 25, 'memoria': 54.0, 'cpu_uso': 2.3, 'necesita_ahorro': False, 'puede_rendimiento': False}
2025-10-30 13:16:33,411 - INFO /// Aplicando optimizaciones de rendimiento
2025-10-30 13:16:44,413 - INFO /// Estado del equipo: {'bateria': 50, 'temperatura': 25, 'memoria': 55.3, 'cpu_uso': 93.2, 'necesita_ahorro': False, 'puede_rendimiento': False}
2025-10-30 13:16:55,415 - INFO /// Estado del equipo: {'bateria': 50, 'temperatura': 25, 'memoria': 55.2, 'cpu_uso': 94.3, 'necesita_ahorro': False, 'puede_rendimiento': False}
2025-10-30 13:24:02,884 - INFO /// Estado del equipo: {'bateria': 50, 'temperatura': 25, 'memoria': 52.5, 'cpu_uso': 3.5, 'necesita_ahorro': False, 'puede_rendimiento': False}
2025-10-30 13:24:04,492 - INFO /// Estado del equipo: {'bateria': 50, 'temperatura': 25, 'memoria': 52.6, 'cpu_uso': 2.7, 'necesita_ahorro': False, 'puede_rendimiento': False}
2025-10-30 13:24:04,492 - INFO /// Aplicando optimizaciones de rendimiento
2025-10-30 13:58:07,380 - INFO /// Estado del equipo: {'bateria': 50, 'temperatura': 25, 'memoria': 56.4, 'cpu_uso': 3.9, 'necesita_ahorro': False, 'puede_rendimiento': False}
2025-10-30 13:58:08,385 - INFO /// Estado del equipo: {'bateria': 50, 'temperatura': 25, 'memoria': 56.4, 'cpu_uso': 6.2, 'necesita_ahorro': False, 'puede_rendimiento': False}
2025-10-30 13:58:08,385 - INFO /// Aplicando optimizaciones de rendimiento
2025-10-30 13:58:19,388 - INFO /// Estado del equipo: {'bateria': 50, 'temperatura': 25, 'memoria': 59.0, 'cpu_uso': 100.0, 'necesita_ahorro': False, 'puede_rendimiento': False}
2025-10-30 13:58:30,390 - INFO /// Estado del equipo: {'bateria': 50, 'temperatura': 25, 'memoria': 59.0, 'cpu_uso': 100.0, 'necesita_ahorro': False, 'puede_rendimiento': False}
2025-10-30 13:58:41,391 - INFO /// Estado del equipo: {'bateria': 50, 'temperatura': 25, 'memoria': 58.9, 'cpu_uso': 10.8, 'necesita_ahorro': False, 'puede_rendimiento': False}
2025-10-30 14:00:48,672 - INFO /// Estado del equipo: {'bateria': 50, 'temperatura': 25, 'memoria': 55.0, 'cpu_uso': 3.7, 'necesita_ahorro': False, 'puede_rendimiento': False}
2025-10-30 14:00:49,676 - INFO /// Estado del equipo: {'bateria': 50, 'temperatura': 25, 'memoria': 55.0, 'cpu_uso': 6.5, 'necesita_ahorro': False, 'puede_rendimiento': False}
2025-10-30 14:00:49,676 - INFO /// Aplicando optimizaciones de rendimiento
2025-10-30 14:01:00,679 - INFO /// Estado del equipo: {'bateria': 50, 'temperatura': 25, 'memoria': 57.7, 'cpu_uso': 100.0, 'necesita_ahorro': False, 'puede_rendimiento': False}
2025-10-30 14:01:11,680 - INFO /// Estado del equipo: {'bateria': 50, 'temperatura': 25, 'memoria': 57.6, 'cpu_uso': 5.2, 'necesita_ahorro': False, 'puede_rendimiento': False}
2025-10-30 14:05:08,967 - INFO /// Estado del equipo: {'bateria': 50, 'temperatura': 25, 'memoria': 54.3, 'cpu_uso': 3.5, 'necesita_ahorro': False, 'puede_rendimiento': False}
2025-10-30 14:05:09,969 - INFO /// Estado del equipo: {'bateria': 50, 'temperatura': 25, 'memoria': 54.3, 'cpu_uso': 4.3, 'necesita_ahorro': False, 'puede_rendimiento': False}
2025-10-30 14:05:09,969 - INFO /// Aplicando optimizaciones de rendimiento
2025-10-30 14:05:20,973 - INFO /// Estado del equipo: {'bateria': 50, 'temperatura': 25, 'memoria': 56.8, 'cpu_uso': 100.0, 'necesita_ahorro': False, 'puede_rendimiento': False}
2025-10-30 14:05:31,975 - INFO /// Estado del equipo: {'bateria': 50, 'temperatura': 25, 'memoria': 56.8, 'cpu_uso': 7.8, 'necesita_ahorro': False, 'puede_rendimiento': False}
2025-10-30 14:05:42,976 - INFO /// Estado del equipo: {'bateria': 50, 'temperatura': 25, 'memoria': 56.8, 'cpu_uso': 78.3, 'necesita_ahorro': False, 'puede_rendimiento': False}
2025-10-30 14:05:53,978 - INFO /// Estado del equipo: {'bateria': 50, 'temperatura': 25, 'memoria': 56.9, 'cpu_uso': 9.9, 'necesita_ahorro': False, 'puede_rendimiento': False}
2025-10-30 14:06:04,981 - INFO /// Estado del equipo: {'bateria': 50, 'temperatura': 25, 'memoria': 56.8, 'cpu_uso': 100.0, 'necesita_ahorro': False, 'puede_rendimiento': False}
2025-10-30 14:06:15,984 - INFO /// Estado del equipo: {'bateria': 50, 'temperatura': 25, 'memoria': 56.9, 'cpu_uso': 100.0, 'necesita_ahorro': False, 'puede_rendimiento': False}
2025-10-30 14:06:26,988 - INFO /// Estado del equipo: {'bateria': 50, 'temperatura': 25, 'memoria': 56.9, 'cpu_uso': 100.0, 'necesita_ahorro': False, 'puede_rendimiento': False}
2025-10-30 14:06:37,995 - INFO /// Estado del equipo: {'bateria': 50, 'temperatura': 25, 'memoria': 56.9, 'cpu_uso': 99.8, 'necesita_ahorro': False, 'puede_rendimiento': False}
2025-10-30 14:06:49,000 - INFO /// Estado del equipo: {'bateria': 50, 'temperatura': 25, 'memoria': 56.9, 'cpu_uso': 100.0, 'necesita_ahorro': False, 'puede_rendimiento': False}
2025-10-30 14:07:00,003 - INFO /// Estado del equipo: {'bateria': 50, 'temperatura': 25, 'memoria': 56.9, 'cpu_uso': 100.0, 'necesita_ahorro': False, 'puede_rendimiento': False}
2025-10-30 14:07:11,007 - INFO /// Estado del equipo: {'bateria': 50, 'temperatura': 25, 'memoria': 56.8, 'cpu_uso': 100.0, 'necesita_ahorro': False, 'puede_rendimiento': False}
2025-10-30 14:07:22,009 - INFO /// Estado del equipo: {'bateria': 50, 'temperatura': 25, 'memoria': 56.6, 'cpu_uso': 5.6, 'necesita_ahorro': False, 'puede_rendimiento': False}
2025-10-30 14:07:33,011 - INFO /// Estado del equipo: {'bateria': 50, 'temperatura': 25, 'memoria': 56.5, 'cpu_uso': 6.8, 'necesita_ahorro': False, 'puede_rendimiento': False}
2025-10-31 12:43:32,534 - INFO /// Estado del equipo: {'bateria': 50, 'temperatura': 25, 'memoria': 47.9, 'cpu_uso': 5.1, 'necesita_ahorro': False, 'puede_rendimiento': False}
2025-10-31 12:43:33,541 - INFO /// Estado del equipo: {'bateria': 50, 'temperatura': 25, 'memoria': 47.8, 'cpu_uso': 10.1, 'necesita_ahorro': False, 'puede_rendimiento': False}
2025-10-31 12:43:33,541 - INFO /// Aplicando optimizaciones de rendimiento
2025-10-31 12:43:44,543 - INFO /// Estado del equipo: {'bateria': 50, 'temperatura': 25, 'memoria': 50.7, 'cpu_uso': 100.0, 'necesita_ahorro': False, 'puede_rendimiento': False}
2025-10-31 12:43:55,545 - INFO /// Estado del equipo: {'bateria': 50, 'temperatura': 25, 'memoria': 51.1, 'cpu_uso': 86.8, 'necesita_ahorro': False, 'puede_rendimiento': False}
2025-10-31 12:44:06,548 - INFO /// Estado del equipo: {'bateria': 50, 'temperatura': 25, 'memoria': 51.2, 'cpu_uso': 100.0, 'necesita_ahorro': False, 'puede_rendimiento': False}
2025-10-31 12:44:17,550 - INFO /// Estado del equipo: {'bateria': 50, 'temperatura': 25, 'memoria': 51.2, 'cpu_uso': 14.8, 'necesita_ahorro': False, 'puede_rendimiento': False}
2025-10-31 12:44:28,552 - INFO /// Estado del equipo: {'bateria': 50, 'temperatura': 25, 'memoria': 50.9, 'cpu_uso': 81.0, 'necesita_ahorro': False, 'puede_rendimiento': False}
2025-10-31 12:44:39,556 - INFO /// Estado del equipo: {'bateria': 50, 'temperatura': 25, 'memoria': 50.9, 'cpu_uso': 100.0, 'necesita_ahorro': False, 'puede_rendimiento': False}
2025-10-31 12:44:50,559 - INFO /// Estado del equipo: {'bateria': 50, 'temperatura': 25, 'memoria': 51.0, 'cpu_uso': 100.0, 'necesita_ahorro': False, 'puede_rendimiento': False}
2025-10-31 12:45:01,562 - INFO /// Estado del equipo: {'bateria': 50, 'temperatura': 25, 'memoria': 50.9, 'cpu_uso': 100.0, 'necesita_ahorro': False, 'puede_rendimiento': False}
2025-10-31 12:45:12,564 - INFO /// Estado del equipo: {'bateria': 50, 'temperatura': 25, 'memoria': 50.7, 'cpu_uso': 100.0, 'necesita_ahorro': False, 'puede_rendimiento': False}
2025-10-31 12:45:23,566 - INFO /// Estado del equipo: {'bateria': 50, 'temperatura': 25, 'memoria': 50.8, 'cpu_uso': 100.0, 'necesita_ahorro': False, 'puede_rendimiento': False}
2025-10-31 12:45:34,569 - INFO /// Estado del equipo: {'bateria': 50, 'temperatura': 25, 'memoria': 50.8, 'cpu_uso': 100.0, 'necesita_ahorro': False, 'puede_rendimiento': False}
2025-10-31 12:45:45,572 - INFO /// Estado del equipo: {'bateria': 50, 'temperatura': 25, 'memoria': 50.8, 'cpu_uso': 100.0, 'necesita_ahorro': False, 'puede_rendimiento': False}
2025-10-31 12:45:56,578 - INFO /// Estado del equipo: {'bateria': 50, 'temperatura': 25, 'memoria': 50.8, 'cpu_uso': 100.0, 'necesita_ahorro': False, 'puede_rendimiento': False}
2025-10-31 12:46:07,580 - INFO /// Estado del equipo: {'bateria': 50, 'temperatura': 25, 'memoria': 50.7, 'cpu_uso': 100.0, 'necesita_ahorro': False, 'puede_rendimiento': False}
2025-10-31 12:46:18,583 - INFO /// Estado del equipo: {'bateria': 50, 'temperatura': 25, 'memoria': 50.7, 'cpu_uso': 100.0, 'necesita_ahorro': False, 'puede_rendimiento': False}
2025-10-31 12:46:29,588 - INFO /// Estado del equipo: {'bateria': 50, 'temperatura': 25, 'memoria': 50.7, 'cpu_uso': 100.0, 'necesita_ahorro': False, 'puede_rendimiento': False}
2025-10-31 12:46:40,592 - INFO /// Estado del equipo: {'bateria': 50, 'temperatura': 25, 'memoria': 50.7, 'cpu_uso': 100.0, 'necesita_ahorro': False, 'puede_rendimiento': False}
2025-10-31 12:46:51,596 - INFO /// Estado del equipo: {'bateria': 50, 'temperatura': 25, 'memoria': 50.7, 'cpu_uso': 100.0, 'necesita_ahorro': False, 'puede_rendimiento': False}
2025-10-31 12:47:02,601 - INFO /// Estado del equipo: {'bateria': 50, 'temperatura': 25, 'memoria': 50.7, 'cpu_uso': 100.0, 'necesita_ahorro': False, 'puede_rendimiento': False}
2025-10-31 12:47:13,606 - INFO /// Estado del equipo: {'bateria': 50, 'temperatura': 25, 'memoria': 50.7, 'cpu_uso': 100.0, 'necesita_ahorro': False, 'puede_rendimiento': False}
2025-10-31 12:47:24,609 - INFO /// Estado del equipo: {'bateria': 50, 'temperatura': 25, 'memoria': 50.6, 'cpu_uso': 100.0, 'necesita_ahorro': False, 'puede_rendimiento': False}
2025-10-31 12:47:35,612 - INFO /// Estado del equipo: {'bateria': 50, 'temperatura': 25, 'memoria': 50.7, 'cpu_uso': 100.0, 'necesita_ahorro': False, 'puede_rendimiento': False}
2025-10-31 12:47:46,615 - INFO /// Estado del equipo: {'bateria': 50, 'temperatura': 25, 'memoria': 50.7, 'cpu_uso': 100.0, 'necesita_ahorro': False, 'puede_rendimiento': False}
2025-10-31 12:47:57,618 - INFO /// Estado del equipo: {'bateria': 50, 'temperatura': 25, 'memoria': 50.8, 'cpu_uso': 100.0, 'necesita_ahorro': False, 'puede_rendimiento': False}
2025-10-31 12:48:08,621 - INFO /// Estado del equipo: {'bateria': 50, 'temperatura': 25, 'memoria': 49.6, 'cpu_uso': 100.0, 'necesita_ahorro': False, 'puede_rendimiento': False}
2025-10-31 12:48:19,624 - INFO /// Estado del equipo: {'bateria': 50, 'temperatura': 25, 'memoria': 49.5, 'cpu_uso': 100.0, 'necesita_ahorro': False, 'puede_rendimiento': False}
2025-10-31 12:48:30,626 - INFO /// Estado del equipo: {'bateria': 50, 'temperatura': 25, 'memoria': 49.6, 'cpu_uso': 100.0, 'necesita_ahorro': False, 'puede_rendimiento': False}
2025-10-31 12:48:41,628 - INFO /// Estado del equipo: {'bateria': 50, 'temperatura': 25, 'memoria': 49.6, 'cpu_uso': 10.5, 'necesita_ahorro': False, 'puede_rendimiento': False}
2025-10-31 12:51:47,609 - INFO /// Estado del equipo: {'bateria': 50, 'temperatura': 25, 'memoria': 48.5, 'cpu_uso': 2.5, 'necesita_ahorro': False, 'puede_rendimiento': False}
2025-10-31 12:51:48,611 - INFO /// Estado del equipo: {'bateria': 50, 'temperatura': 25, 'memoria': 48.5, 'cpu_uso': 8.2, 'necesita_ahorro': False, 'puede_rendimiento': False}
2025-10-31 12:51:48,611 - INFO /// Aplicando optimizaciones de rendimiento
2025-10-31 12:51:59,612 - INFO /// Estado del equipo: {'bateria': 50, 'temperatura': 25, 'memoria': 51.0, 'cpu_uso': 65.5, 'necesita_ahorro': False, 'puede_rendimiento': False}
2025-10-31 12:52:10,614 - INFO /// Estado del equipo: {'bateria': 50, 'temperatura': 25, 'memoria': 51.1, 'cpu_uso': 70.4, 'necesita_ahorro': False, 'puede_rendimiento': False}
2025-10-31 12:52:21,615 - INFO /// Estado del equipo: {'bateria': 50, 'temperatura': 25, 'memoria': 50.9, 'cpu_uso': 10.6, 'necesita_ahorro': False, 'puede_rendimiento': False}
2025-10-31 12:52:32,619 - INFO /// Estado del equipo: {'bateria': 50, 'temperatura': 25, 'memoria': 51.0, 'cpu_uso': 100.0, 'necesita_ahorro': False, 'puede_rendimiento': False}
2025-10-31 12:52:43,622 - INFO /// Estado del equipo: {'bateria': 50, 'temperatura': 25, 'memoria': 50.9, 'cpu_uso': 99.8, 'necesita_ahorro': False, 'puede_rendimiento': False}
2025-10-31 12:52:54,625 - INFO /// Estado del equipo: {'bateria': 50, 'temperatura': 25, 'memoria': 50.8, 'cpu_uso': 100.0, 'necesita_ahorro': False, 'puede_rendimiento': False}
2025-10-31 12:53:05,628 - INFO /// Estado del equipo: {'bateria': 50, 'temperatura': 25, 'memoria': 50.9, 'cpu_uso': 100.0, 'necesita_ahorro': False, 'puede_rendimiento': False}
2025-10-31 12:53:16,630 - INFO /// Estado del equipo: {'bateria': 50, 'temperatura': 25, 'memoria': 50.3, 'cpu_uso': 100.0, 'necesita_ahorro': False, 'puede_rendimiento': False}
2025-10-31 12:53:27,633 - INFO /// Estado del equipo: {'bateria': 50, 'temperatura': 25, 'memoria': 50.1, 'cpu_uso': 100.0, 'necesita_ahorro': False, 'puede_rendimiento': False}
2025-10-31 12:53:38,636 - INFO /// Estado del equipo: {'bateria': 50, 'temperatura': 25, 'memoria': 50.2, 'cpu_uso': 100.0, 'necesita_ahorro': False, 'puede_rendimiento': False}
2025-10-31 12:53:49,637 - INFO /// Estado del equipo: {'bateria': 50, 'temperatura': 25, 'memoria': 49.8, 'cpu_uso': 25.9, 'necesita_ahorro': False, 'puede_rendimiento': False}
2025-10-31 13:00:04,345 - INFO /// Estado del equipo: {'bateria': 50, 'temperatura': 25, 'memoria': 47.6, 'cpu_uso': 14.6, 'necesita_ahorro': False, 'puede_rendimiento': False}
2025-10-31 13:00:05,347 - INFO /// Estado del equipo: {'bateria': 50, 'temperatura': 25, 'memoria': 47.7, 'cpu_uso': 6.0, 'necesita_ahorro': False, 'puede_rendimiento': False}
2025-10-31 13:00:05,347 - INFO /// Aplicando optimizaciones de rendimiento
2025-10-31 13:00:16,348 - INFO /// Estado del equipo: {'bateria': 50, 'temperatura': 25, 'memoria': 50.1, 'cpu_uso': 28.1, 'necesita_ahorro': False, 'puede_rendimiento': False}
2025-10-31 13:00:27,350 - INFO /// Estado del equipo: {'bateria': 50, 'temperatura': 25, 'memoria': 50.0, 'cpu_uso': 26.1, 'necesita_ahorro': False, 'puede_rendimiento': False}
2025-10-31 13:00:38,352 - INFO /// Estado del equipo: {'bateria': 50, 'temperatura': 25, 'memoria': 50.1, 'cpu_uso': 75.7, 'necesita_ahorro': False, 'puede_rendimiento': False}
2025-10-31 13:00:49,355 - INFO /// Estado del equipo: {'bateria': 50, 'temperatura': 25, 'memoria': 50.0, 'cpu_uso': 100.0, 'necesita_ahorro': False, 'puede_rendimiento': False}
2025-10-31 13:01:00,358 - INFO /// Estado del equipo: {'bateria': 50, 'temperatura': 25, 'memoria': 50.0, 'cpu_uso': 99.8, 'necesita_ahorro': False, 'puede_rendimiento': False}
2025-10-31 13:01:11,361 - INFO /// Estado del equipo: {'bateria': 50, 'temperatura': 25, 'memoria': 49.9, 'cpu_uso': 100.0, 'necesita_ahorro': False, 'puede_rendimiento': False}
2025-10-31 13:01:22,364 - INFO /// Estado del equipo: {'bateria': 50, 'temperatura': 25, 'memoria': 50.0, 'cpu_uso': 100.0, 'necesita_ahorro': False, 'puede_rendimiento': False}
2025-10-31 13:01:33,367 - INFO /// Estado del equipo: {'bateria': 50, 'temperatura': 25, 'memoria': 49.9, 'cpu_uso': 100.0, 'necesita_ahorro': False, 'puede_rendimiento': False}
2025-10-31 13:01:44,373 - INFO /// Estado del equipo: {'bateria': 50, 'temperatura': 25, 'memoria': 50.0, 'cpu_uso': 100.0, 'necesita_ahorro': False, 'puede_rendimiento': False}
2025-10-31 13:01:55,375 - INFO /// Estado del equipo: {'bateria': 50, 'temperatura': 25, 'memoria': 50.0, 'cpu_uso': 100.0, 'necesita_ahorro': False, 'puede_rendimiento': False}
2025-10-31 13:02:06,376 - INFO /// Estado del equipo: {'bateria': 50, 'temperatura': 25, 'memoria': 49.8, 'cpu_uso': 2.6, 'necesita_ahorro': False, 'puede_rendimiento': False}
2025-10-31 13:02:17,378 - INFO /// Estado del equipo: {'bateria': 50, 'temperatura': 25, 'memoria': 49.8, 'cpu_uso': 4.7, 'necesita_ahorro': False, 'puede_rendimiento': False}
2025-10-31 13:25:45,001 - INFO /// Estado del equipo: {'bateria': 50, 'temperatura': 25, 'memoria': 52.5, 'cpu_uso': 12.5, 'necesita_ahorro': False, 'puede_rendimiento': False}
2025-10-31 13:25:46,003 - INFO /// Estado del equipo: {'bateria': 50, 'temperatura': 25, 'memoria': 52.4, 'cpu_uso': 2.7, 'necesita_ahorro': False, 'puede_rendimiento': False}
2025-10-31 13:25:46,003 - INFO /// Aplicando optimizaciones de rendimiento
2025-10-31 13:25:57,005 - INFO /// Estado del equipo: {'bateria': 50, 'temperatura': 25, 'memoria': 55.1, 'cpu_uso': 85.7, 'necesita_ahorro': False, 'puede_rendimiento': False}
2025-10-31 13:26:08,007 - INFO /// Estado del equipo: {'bateria': 50, 'temperatura': 25, 'memoria': 55.0, 'cpu_uso': 90.7, 'necesita_ahorro': False, 'puede_rendimiento': False}
2025-10-31 13:26:19,009 - INFO /// Estado del equipo: {'bateria': 50, 'temperatura': 25, 'memoria': 54.9, 'cpu_uso': 100.0, 'necesita_ahorro': False, 'puede_rendimiento': False}
2025-10-31 13:26:30,013 - INFO /// Estado del equipo: {'bateria': 50, 'temperatura': 25, 'memoria': 54.9, 'cpu_uso': 100.0, 'necesita_ahorro': False, 'puede_rendimiento': False}
2025-10-31 13:26:41,016 - INFO /// Estado del equipo: {'bateria': 50, 'temperatura': 25, 'memoria': 54.8, 'cpu_uso': 100.0, 'necesita_ahorro': False, 'puede_rendimiento': False}
